Change Component Designator: OldDesignator=C14_dc dc жарить панели1 NewDesignator=C14_1
Change Component Designator: OldDesignator=C14_dc dc жарить панели2 NewDesignator=C14_2
Change Component Designator: OldDesignator=C14_dc dc жарить панели3 NewDesignator=C14_3
Change Component Designator: OldDesignator=C15_dc dc жарить панели1 NewDesignator=C15_1
Change Component Designator: OldDesignator=C15_dc dc жарить панели2 NewDesignator=C15_2
Change Component Designator: OldDesignator=C15_dc dc жарить панели3 NewDesignator=C15_3
Change Component Designator: OldDesignator=C16_dc dc жарить панели1 NewDesignator=C16_1
Change Component Designator: OldDesignator=C16_dc dc жарить панели2 NewDesignator=C16_2
Change Component Designator: OldDesignator=C16_dc dc жарить панели3 NewDesignator=C16_3
Change Component Designator: OldDesignator=C17_dc dc жарить панели1 NewDesignator=C17_1
Change Component Designator: OldDesignator=C17_dc dc жарить панели2 NewDesignator=C17_2
Change Component Designator: OldDesignator=C17_dc dc жарить панели3 NewDesignator=C17_3
Change Component Designator: OldDesignator=C18_dc dc жарить панели1 NewDesignator=C18_1
Change Component Designator: OldDesignator=C18_dc dc жарить панели2 NewDesignator=C18_2
Change Component Designator: OldDesignator=C18_dc dc жарить панели3 NewDesignator=C18_3
Change Component Designator: OldDesignator=C19_dc dc жарить панели1 NewDesignator=C19_1
Change Component Designator: OldDesignator=C19_dc dc жарить панели2 NewDesignator=C19_2
Change Component Designator: OldDesignator=C19_dc dc жарить панели3 NewDesignator=C19_3
Change Component Designator: OldDesignator=C20_dc dc жарить панели1 NewDesignator=C20_1
Change Component Designator: OldDesignator=C20_dc dc жарить панели2 NewDesignator=C20_2
Change Component Designator: OldDesignator=C20_dc dc жарить панели3 NewDesignator=C20_3
Change Component Designator: OldDesignator=C21_dc dc жарить панели1 NewDesignator=C21_1
Change Component Designator: OldDesignator=C21_dc dc жарить панели2 NewDesignator=C21_2
Change Component Designator: OldDesignator=C21_dc dc жарить панели3 NewDesignator=C21_3
Change Component Designator: OldDesignator=C22_dc dc жарить панели1 NewDesignator=C22_1
Change Component Designator: OldDesignator=C22_dc dc жарить панели2 NewDesignator=C22_2
Change Component Designator: OldDesignator=C22_dc dc жарить панели3 NewDesignator=C22_3
Change Component Designator: OldDesignator=C23_dc dc жарить панели1 NewDesignator=C23_1
Change Component Designator: OldDesignator=C23_dc dc жарить панели2 NewDesignator=C23_2
Change Component Designator: OldDesignator=C23_dc dc жарить панели3 NewDesignator=C23_3
Change Component Designator: OldDesignator=C24_dc dc жарить панели1 NewDesignator=C24_1
Change Component Designator: OldDesignator=C24_dc dc жарить панели2 NewDesignator=C24_2
Change Component Designator: OldDesignator=C24_dc dc жарить панели3 NewDesignator=C24_3
Change Component Designator: OldDesignator=DA3_dc dc жарить панели1 NewDesignator=DA3_1
Change Component Designator: OldDesignator=DA3_dc dc жарить панели2 NewDesignator=DA3_2
Change Component Designator: OldDesignator=DA3_dc dc жарить панели3 NewDesignator=DA3_3
Change Component Designator: OldDesignator=DA4_switches1 NewDesignator=DA4_1
Change Component Designator: OldDesignator=DA4_switches2 NewDesignator=DA4_2
Change Component Designator: OldDesignator=DA4_switches3 NewDesignator=DA4_3
Change Component Designator: OldDesignator=DA4_switches4 NewDesignator=DA4_4
Change Component Designator: OldDesignator=DA4_switches5 NewDesignator=DA4_5
Change Component Designator: OldDesignator=DA4_switches6 NewDesignator=DA4_6
Change Component Designator: OldDesignator=DA4_Uswitches 7 NewDesignator=DA4_7
Change Component Designator: OldDesignator=DA5_switches1 NewDesignator=DA5_1
Change Component Designator: OldDesignator=DA5_switches2 NewDesignator=DA5_2
Change Component Designator: OldDesignator=DA5_switches3 NewDesignator=DA5_3
Change Component Designator: OldDesignator=DA5_switches4 NewDesignator=DA5_4
Change Component Designator: OldDesignator=DA5_switches5 NewDesignator=DA5_5
Change Component Designator: OldDesignator=DA5_switches6 NewDesignator=DA5_6
Change Component Designator: OldDesignator=DA5_Uswitches 7 NewDesignator=DA5_7
Change Component Designator: OldDesignator=DA6_switches1 NewDesignator=DA6_1
Change Component Designator: OldDesignator=DA6_switches2 NewDesignator=DA6_2
Change Component Designator: OldDesignator=DA6_switches3 NewDesignator=DA6_3
Change Component Designator: OldDesignator=DA6_switches4 NewDesignator=DA6_4
Change Component Designator: OldDesignator=DA6_switches5 NewDesignator=DA6_5
Change Component Designator: OldDesignator=DA6_switches6 NewDesignator=DA6_6
Change Component Designator: OldDesignator=DA6_Uswitches 7 NewDesignator=DA6_7
Change Component Designator: OldDesignator=L1_dc dc жарить панели1 NewDesignator=L1_1
Change Component Designator: OldDesignator=L1_dc dc жарить панели2 NewDesignator=L1_2
Change Component Designator: OldDesignator=L1_dc dc жарить панели3 NewDesignator=L1_3
Change Component Designator: OldDesignator=R27_dc dc жарить панели1 NewDesignator=R27_1
Change Component Designator: OldDesignator=R27_dc dc жарить панели2 NewDesignator=R27_2
Change Component Designator: OldDesignator=R27_dc dc жарить панели3 NewDesignator=R27_3
Change Component Designator: OldDesignator=R28_dc dc жарить панели1 NewDesignator=R28_1
Change Component Designator: OldDesignator=R28_dc dc жарить панели2 NewDesignator=R28_2
Change Component Designator: OldDesignator=R28_dc dc жарить панели3 NewDesignator=R28_3
Change Component Designator: OldDesignator=R29_dc dc жарить панели1 NewDesignator=R29_1
Change Component Designator: OldDesignator=R29_dc dc жарить панели2 NewDesignator=R29_2
Change Component Designator: OldDesignator=R29_dc dc жарить панели3 NewDesignator=R29_3
Change Component Designator: OldDesignator=R30_dc dc жарить панели1 NewDesignator=R30_1
Change Component Designator: OldDesignator=R30_dc dc жарить панели2 NewDesignator=R30_2
Change Component Designator: OldDesignator=R30_dc dc жарить панели3 NewDesignator=R30_3
Change Component Designator: OldDesignator=R31_dc dc жарить панели1 NewDesignator=R31_1
Change Component Designator: OldDesignator=R31_dc dc жарить панели2 NewDesignator=R31_2
Change Component Designator: OldDesignator=R31_dc dc жарить панели3 NewDesignator=R31_3
Change Component Designator: OldDesignator=R32_switches1 NewDesignator=R32_1
Change Component Designator: OldDesignator=R32_switches2 NewDesignator=R32_2
Change Component Designator: OldDesignator=R32_switches3 NewDesignator=R32_3
Change Component Designator: OldDesignator=R32_switches4 NewDesignator=R32_4
Change Component Designator: OldDesignator=R32_switches5 NewDesignator=R32_5
Change Component Designator: OldDesignator=R32_switches6 NewDesignator=R32_6
Change Component Designator: OldDesignator=R32_Uswitches 7 NewDesignator=R32_7
Change Component Designator: OldDesignator=R33_switches1 NewDesignator=R33_1
Change Component Designator: OldDesignator=R33_switches2 NewDesignator=R33_2
Change Component Designator: OldDesignator=R33_switches3 NewDesignator=R33_3
Change Component Designator: OldDesignator=R33_switches4 NewDesignator=R33_4
Change Component Designator: OldDesignator=R33_switches5 NewDesignator=R33_5
Change Component Designator: OldDesignator=R33_switches6 NewDesignator=R33_6
Change Component Designator: OldDesignator=R33_Uswitches 7 NewDesignator=R33_7
Change Component Designator: OldDesignator=R34_switches1 NewDesignator=R34_1
Change Component Designator: OldDesignator=R34_switches2 NewDesignator=R34_2
Change Component Designator: OldDesignator=R34_switches3 NewDesignator=R34_3
Change Component Designator: OldDesignator=R34_switches4 NewDesignator=R34_4
Change Component Designator: OldDesignator=R34_switches5 NewDesignator=R34_5
Change Component Designator: OldDesignator=R34_switches6 NewDesignator=R34_6
Change Component Designator: OldDesignator=R34_Uswitches 7 NewDesignator=R34_7
Change Component Designator: OldDesignator=R35_switches1 NewDesignator=R35_1
Change Component Designator: OldDesignator=R35_switches2 NewDesignator=R35_2
Change Component Designator: OldDesignator=R35_switches3 NewDesignator=R35_3
Change Component Designator: OldDesignator=R35_switches4 NewDesignator=R35_4
Change Component Designator: OldDesignator=R35_switches5 NewDesignator=R35_5
Change Component Designator: OldDesignator=R35_switches6 NewDesignator=R35_6
Change Component Designator: OldDesignator=R35_Uswitches 7 NewDesignator=R35_7
Change Component Designator: OldDesignator=R36_switches1 NewDesignator=R36_1
Change Component Designator: OldDesignator=R36_switches2 NewDesignator=R36_2
Change Component Designator: OldDesignator=R36_switches3 NewDesignator=R36_3
Change Component Designator: OldDesignator=R36_switches4 NewDesignator=R36_4
Change Component Designator: OldDesignator=R36_switches5 NewDesignator=R36_5
Change Component Designator: OldDesignator=R36_switches6 NewDesignator=R36_6
Change Component Designator: OldDesignator=R36_Uswitches 7 NewDesignator=R36_7
Change Component Designator: OldDesignator=R37_switches1 NewDesignator=R37_1
Change Component Designator: OldDesignator=R37_switches2 NewDesignator=R37_2
Change Component Designator: OldDesignator=R37_switches3 NewDesignator=R37_3
Change Component Designator: OldDesignator=R37_switches4 NewDesignator=R37_4
Change Component Designator: OldDesignator=R37_switches5 NewDesignator=R37_5
Change Component Designator: OldDesignator=R37_switches6 NewDesignator=R37_6
Change Component Designator: OldDesignator=R37_Uswitches 7 NewDesignator=R37_7
Change Component Designator: OldDesignator=R38_switches1 NewDesignator=R38_1
Change Component Designator: OldDesignator=R38_switches2 NewDesignator=R38_2
Change Component Designator: OldDesignator=R38_switches3 NewDesignator=R38_3
Change Component Designator: OldDesignator=R38_switches4 NewDesignator=R38_4
Change Component Designator: OldDesignator=R38_switches5 NewDesignator=R38_5
Change Component Designator: OldDesignator=R38_switches6 NewDesignator=R38_6
Change Component Designator: OldDesignator=R38_Uswitches 7 NewDesignator=R38_7
Change Component Designator: OldDesignator=R39_switches1 NewDesignator=R39_1
Change Component Designator: OldDesignator=R39_switches2 NewDesignator=R39_2
Change Component Designator: OldDesignator=R39_switches3 NewDesignator=R39_3
Change Component Designator: OldDesignator=R39_switches4 NewDesignator=R39_4
Change Component Designator: OldDesignator=R39_switches5 NewDesignator=R39_5
Change Component Designator: OldDesignator=R39_switches6 NewDesignator=R39_6
Change Component Designator: OldDesignator=R39_Uswitches 7 NewDesignator=R39_7
Change Component Designator: OldDesignator=R40_switches1 NewDesignator=R40_1
Change Component Designator: OldDesignator=R40_switches2 NewDesignator=R40_2
Change Component Designator: OldDesignator=R40_switches3 NewDesignator=R40_3
Change Component Designator: OldDesignator=R40_switches4 NewDesignator=R40_4
Change Component Designator: OldDesignator=R40_switches5 NewDesignator=R40_5
Change Component Designator: OldDesignator=R40_switches6 NewDesignator=R40_6
Change Component Designator: OldDesignator=R40_Uswitches 7 NewDesignator=R40_7
Change Component Designator: OldDesignator=VD12_dc dc жарить панели1 NewDesignator=VD12_1
Change Component Designator: OldDesignator=VD12_dc dc жарить панели2 NewDesignator=VD12_2
Change Component Designator: OldDesignator=VD12_dc dc жарить панели3 NewDesignator=VD12_3
Change Net Name : Old Net Name=NetC22_dc dc жарить панели1_2 New Net Name=NetC22_1_2
Change Net Name : Old Net Name=NetC22_dc dc жарить панели2_2 New Net Name=NetC22_2_2
Change Net Name : Old Net Name=NetC22_dc dc жарить панели3_2 New Net Name=NetC22_3_2
Change Net Name : Old Net Name=NetC23_dc dc жарить панели1_1 New Net Name=NetC23_1_1
Change Net Name : Old Net Name=NetC23_dc dc жарить панели2_1 New Net Name=NetC23_2_1
Change Net Name : Old Net Name=NetC23_dc dc жарить панели3_1 New Net Name=NetC23_3_1
Change Net Name : Old Net Name=NetC24_dc dc жарить панели1_2 New Net Name=NetC24_1_2
Change Net Name : Old Net Name=NetC24_dc dc жарить панели2_2 New Net Name=NetC24_2_2
Change Net Name : Old Net Name=NetC24_dc dc жарить панели3_2 New Net Name=NetC24_3_2
Change Net Name : Old Net Name=NetDA3_dc dc жарить панели1_1 New Net Name=NetDA3_1_1
Change Net Name : Old Net Name=NetDA3_dc dc жарить панели1_2 New Net Name=NetDA3_1_2
Change Net Name : Old Net Name=NetDA3_dc dc жарить панели1_7 New Net Name=NetDA3_1_7
Change Net Name : Old Net Name=NetDA3_dc dc жарить панели2_1 New Net Name=NetDA3_2_1
Change Net Name : Old Net Name=NetDA3_dc dc жарить панели2_2 New Net Name=NetDA3_2_2
Change Net Name : Old Net Name=NetDA3_dc dc жарить панели2_7 New Net Name=NetDA3_2_7
Change Net Name : Old Net Name=NetDA3_dc dc жарить панели3_1 New Net Name=NetDA3_3_1
Change Net Name : Old Net Name=NetDA3_dc dc жарить панели3_2 New Net Name=NetDA3_3_2
Change Net Name : Old Net Name=NetDA3_dc dc жарить панели3_7 New Net Name=NetDA3_3_7
Change Net Name : Old Net Name=NetDA4_switches1_2 New Net Name=NetDA4_1_2
Change Net Name : Old Net Name=NetDA4_switches1_4 New Net Name=NetDA4_1_4
Change Net Name : Old Net Name=NetDA4_switches2_2 New Net Name=NetDA4_2_2
Change Net Name : Old Net Name=NetDA4_switches2_4 New Net Name=NetDA4_2_4
Change Net Name : Old Net Name=NetDA4_switches3_2 New Net Name=NetDA4_3_2
Change Net Name : Old Net Name=NetDA4_switches3_4 New Net Name=NetDA4_3_4
Change Net Name : Old Net Name=NetDA4_switches4_2 New Net Name=NetDA4_4_2
Change Net Name : Old Net Name=NetDA4_switches4_4 New Net Name=NetDA4_4_4
Change Net Name : Old Net Name=NetDA4_switches5_2 New Net Name=NetDA4_5_2
Change Net Name : Old Net Name=NetDA4_switches5_4 New Net Name=NetDA4_5_4
Change Net Name : Old Net Name=NetDA4_switches6_2 New Net Name=NetDA4_6_2
Change Net Name : Old Net Name=NetDA4_switches6_4 New Net Name=NetDA4_6_4
Change Net Name : Old Net Name=NetDA4_Uswitches 7_2 New Net Name=NetDA4_7_2
Change Net Name : Old Net Name=NetDA4_Uswitches 7_4 New Net Name=NetDA4_7_4
Change Net Name : Old Net Name=NetDA5_switches1_2 New Net Name=NetDA5_1_2
Change Net Name : Old Net Name=NetDA5_switches1_4 New Net Name=NetDA5_1_4
Change Net Name : Old Net Name=NetDA5_switches1_6 New Net Name=NetDA5_1_6
Change Net Name : Old Net Name=NetDA5_switches2_2 New Net Name=NetDA5_2_2
Change Net Name : Old Net Name=NetDA5_switches2_4 New Net Name=NetDA5_2_4
Change Net Name : Old Net Name=NetDA5_switches2_6 New Net Name=NetDA5_2_6
Change Net Name : Old Net Name=NetDA5_switches3_2 New Net Name=NetDA5_3_2
Change Net Name : Old Net Name=NetDA5_switches3_4 New Net Name=NetDA5_3_4
Change Net Name : Old Net Name=NetDA5_switches3_6 New Net Name=NetDA5_3_6
Change Net Name : Old Net Name=NetDA5_switches4_2 New Net Name=NetDA5_4_2
Change Net Name : Old Net Name=NetDA5_switches4_4 New Net Name=NetDA5_4_4
Change Net Name : Old Net Name=NetDA5_switches4_6 New Net Name=NetDA5_4_6
Change Net Name : Old Net Name=NetDA5_switches5_2 New Net Name=NetDA5_5_2
Change Net Name : Old Net Name=NetDA5_switches5_4 New Net Name=NetDA5_5_4
Change Net Name : Old Net Name=NetDA5_switches5_6 New Net Name=NetDA5_5_6
Change Net Name : Old Net Name=NetDA5_switches6_2 New Net Name=NetDA5_6_2
Change Net Name : Old Net Name=NetDA5_switches6_4 New Net Name=NetDA5_6_4
Change Net Name : Old Net Name=NetDA5_switches6_6 New Net Name=NetDA5_6_6
Change Net Name : Old Net Name=NetDA5_Uswitches 7_2 New Net Name=NetDA5_7_2
Change Net Name : Old Net Name=NetDA5_Uswitches 7_4 New Net Name=NetDA5_7_4
Change Net Name : Old Net Name=NetDA5_Uswitches 7_6 New Net Name=NetDA5_7_6
Change Net Name : Old Net Name=NetDA6_switches1_2 New Net Name=NetDA6_1_2
Change Net Name : Old Net Name=NetDA6_switches1_4 New Net Name=NetDA6_1_4
Change Net Name : Old Net Name=NetDA6_switches2_2 New Net Name=NetDA6_2_2
Change Net Name : Old Net Name=NetDA6_switches2_4 New Net Name=NetDA6_2_4
Change Net Name : Old Net Name=NetDA6_switches3_2 New Net Name=NetDA6_3_2
Change Net Name : Old Net Name=NetDA6_switches3_4 New Net Name=NetDA6_3_4
Change Net Name : Old Net Name=NetDA6_switches4_2 New Net Name=NetDA6_4_2
Change Net Name : Old Net Name=NetDA6_switches4_4 New Net Name=NetDA6_4_4
Change Net Name : Old Net Name=NetDA6_switches5_2 New Net Name=NetDA6_5_2
Change Net Name : Old Net Name=NetDA6_switches5_4 New Net Name=NetDA6_5_4
Change Net Name : Old Net Name=NetDA6_switches6_2 New Net Name=NetDA6_6_2
Change Net Name : Old Net Name=NetDA6_switches6_4 New Net Name=NetDA6_6_4
Change Net Name : Old Net Name=NetDA6_Uswitches 7_2 New Net Name=NetDA6_7_2
Change Net Name : Old Net Name=NetDA6_Uswitches 7_4 New Net Name=NetDA6_7_4
Change Net Name : Old Net Name=NetR27_dc dc жарить панели1_1 New Net Name=NetR27_1_1
Change Net Name : Old Net Name=NetR27_dc dc жарить панели2_1 New Net Name=NetR27_2_1
Change Net Name : Old Net Name=NetR27_dc dc жарить панели3_1 New Net Name=NetR27_3_1
Added Room: Name=dc dc жарить панели1
Added Room: Name=dc dc жарить панели2
Added Room: Name=dc dc жарить панели3
Added Room: Name=switches1
Added Room: Name=switches2
Added Room: Name=switches3
Added Room: Name=switches4
Added Room: Name=switches5
Added Room: Name=switches6
Added Room: Name=Uswitches 7
