Change Physical Footprint: Designator=C1 Old Footprint=10x20_radial New Footprint=10x20_radial
Change Physical Footprint: Designator=C2 Old Footprint=1210C New Footprint=1210C
Change Physical Footprint: Designator=C3 Old Footprint=0603C New Footprint=0603C
Change Physical Footprint: Designator=C4 Old Footprint=0603C New Footprint=0603C
Change Physical Footprint: Designator=C5 Old Footprint=0603C New Footprint=0603C
Change Physical Footprint: Designator=C6 Old Footprint=0603C New Footprint=0603C
Change Physical Footprint: Designator=C7 Old Footprint=1210C New Footprint=1210C
Change Physical Footprint: Designator=C8 Old Footprint=SMD_cap_12,5x13,5 New Footprint=SMD_cap_12,5x13,5
Change Physical Footprint: Designator=C9 Old Footprint=0603C New Footprint=0603C
Change Physical Footprint: Designator=C10 Old Footprint=0603C New Footprint=0603C
Change Physical Footprint: Designator=C11 Old Footprint=0603C New Footprint=0603C
Change Physical Footprint: Designator=C12 Old Footprint=0603C New Footprint=0603C
Change Physical Footprint: Designator=C13 Old Footprint=0603C New Footprint=0603C
Change Physical Footprint: Designator=C14 Old Footprint=1206C New Footprint=1206C
Change Physical Footprint: Designator=C15 Old Footprint=1206C New Footprint=1206C
Change Physical Footprint: Designator=C16 Old Footprint=0603C New Footprint=0603C
Change Physical Footprint: Designator=C17 Old Footprint=1210C New Footprint=1210C
Change Physical Footprint: Designator=C18 Old Footprint=1210C New Footprint=1210C
Change Physical Footprint: Designator=C19_1 Old Footprint=1210C New Footprint=1210C
Change Physical Footprint: Designator=C19_2 Old Footprint=1210C New Footprint=1210C
Change Physical Footprint: Designator=C19_3 Old Footprint=1210C New Footprint=1210C
Change Physical Footprint: Designator=C20_1 Old Footprint=1210C New Footprint=1210C
Change Physical Footprint: Designator=C20_2 Old Footprint=1210C New Footprint=1210C
Change Physical Footprint: Designator=C20_3 Old Footprint=1210C New Footprint=1210C
Change Physical Footprint: Designator=C21_1 Old Footprint=1210C New Footprint=1210C
Change Physical Footprint: Designator=C21_2 Old Footprint=1210C New Footprint=1210C
Change Physical Footprint: Designator=C21_3 Old Footprint=1210C New Footprint=1210C
Change Physical Footprint: Designator=C22_1 Old Footprint=0603C New Footprint=0603C
Change Physical Footprint: Designator=C22_2 Old Footprint=0603C New Footprint=0603C
Change Physical Footprint: Designator=C22_3 Old Footprint=0603C New Footprint=0603C
Change Physical Footprint: Designator=C23_1 Old Footprint=0603C New Footprint=0603C
Change Physical Footprint: Designator=C23_2 Old Footprint=0603C New Footprint=0603C
Change Physical Footprint: Designator=C23_3 Old Footprint=0603C New Footprint=0603C
Change Physical Footprint: Designator=C24_1 Old Footprint=0603C New Footprint=0603C
Change Physical Footprint: Designator=C24_2 Old Footprint=0603C New Footprint=0603C
Change Physical Footprint: Designator=C24_3 Old Footprint=0603C New Footprint=0603C
Change Physical Footprint: Designator=C25_1 Old Footprint=0603C New Footprint=0603C
Change Physical Footprint: Designator=C25_2 Old Footprint=0603C New Footprint=0603C
Change Physical Footprint: Designator=C25_3 Old Footprint=0603C New Footprint=0603C
Change Physical Footprint: Designator=C26_1 Old Footprint=1210C New Footprint=1210C
Change Physical Footprint: Designator=C26_2 Old Footprint=1210C New Footprint=1210C
Change Physical Footprint: Designator=C26_3 Old Footprint=1210C New Footprint=1210C
Change Physical Footprint: Designator=C27_1 Old Footprint=1210C New Footprint=1210C
Change Physical Footprint: Designator=C27_2 Old Footprint=1210C New Footprint=1210C
Change Physical Footprint: Designator=C27_3 Old Footprint=1210C New Footprint=1210C
Change Physical Footprint: Designator=C28_1 Old Footprint=1210C New Footprint=1210C
Change Physical Footprint: Designator=C28_2 Old Footprint=1210C New Footprint=1210C
Change Physical Footprint: Designator=C28_3 Old Footprint=1210C New Footprint=1210C
Change Physical Footprint: Designator=C29_1 Old Footprint=1210C New Footprint=1210C
Change Physical Footprint: Designator=C29_2 Old Footprint=1210C New Footprint=1210C
Change Physical Footprint: Designator=C29_3 Old Footprint=1210C New Footprint=1210C
Change Physical Footprint: Designator=C30 Old Footprint=1206C New Footprint=1206C
Change Physical Footprint: Designator=C31 Old Footprint=1206C New Footprint=1206C
Change Physical Footprint: Designator=C32 Old Footprint=0603C New Footprint=0603C
Change Physical Footprint: Designator=C33 Old Footprint=1210C New Footprint=1210C
Change Physical Footprint: Designator=C34 Old Footprint=1210C New Footprint=1210C
Change Physical Footprint: Designator=C35 Old Footprint=1210C New Footprint=1210C
Change Physical Footprint: Designator=C36 Old Footprint=1206C New Footprint=1206C
Change Physical Footprint: Designator=C37 Old Footprint=1206C New Footprint=1206C
Change Physical Footprint: Designator=C38 Old Footprint=1210C New Footprint=1210C
Change Physical Footprint: Designator=D1 Old Footprint=SOT23-3 New Footprint=SOT23-3
Change Physical Footprint: Designator=D2 Old Footprint=SOT23-3 New Footprint=SOT23-3
Change Physical Footprint: Designator=DA1 Old Footprint=SOP8 New Footprint=SOP8
Change Physical Footprint: Designator=DA2 Old Footprint=SOP8 New Footprint=SOP8
Change Physical Footprint: Designator=DA3 Old Footprint=8SOP(Exposed_Pad) New Footprint=8SOP(Exposed_Pad)
Change Physical Footprint: Designator=DA4_1 Old Footprint=WDFN5x5-12 New Footprint=WDFN5x5-12
Change Physical Footprint: Designator=DA4_2 Old Footprint=WDFN5x5-12 New Footprint=WDFN5x5-12
Change Physical Footprint: Designator=DA4_3 Old Footprint=WDFN5x5-12 New Footprint=WDFN5x5-12
Change Physical Footprint: Designator=DA5_1 Old Footprint=SOP8 New Footprint=SOP8
Change Physical Footprint: Designator=DA5_2 Old Footprint=SOP8 New Footprint=SOP8
Change Physical Footprint: Designator=DA5_3 Old Footprint=SOP8 New Footprint=SOP8
Change Physical Footprint: Designator=DA5_4 Old Footprint=SOP8 New Footprint=SOP8
Change Physical Footprint: Designator=DA5_5 Old Footprint=SOP8 New Footprint=SOP8
Change Physical Footprint: Designator=DA5_6 Old Footprint=SOP8 New Footprint=SOP8
Change Physical Footprint: Designator=DA5_7 Old Footprint=SOP8 New Footprint=SOP8
Change Physical Footprint: Designator=DA6_1 Old Footprint=SOP8 New Footprint=SOP8
Change Physical Footprint: Designator=DA6_2 Old Footprint=SOP8 New Footprint=SOP8
Change Physical Footprint: Designator=DA6_3 Old Footprint=SOP8 New Footprint=SOP8
Change Physical Footprint: Designator=DA6_4 Old Footprint=SOP8 New Footprint=SOP8
Change Physical Footprint: Designator=DA6_5 Old Footprint=SOP8 New Footprint=SOP8
Change Physical Footprint: Designator=DA6_6 Old Footprint=SOP8 New Footprint=SOP8
Change Physical Footprint: Designator=DA6_7 Old Footprint=SOP8 New Footprint=SOP8
Change Physical Footprint: Designator=DA7_1 Old Footprint=SOP8 New Footprint=SOP8
Change Physical Footprint: Designator=DA7_2 Old Footprint=SOP8 New Footprint=SOP8
Change Physical Footprint: Designator=DA7_3 Old Footprint=SOP8 New Footprint=SOP8
Change Physical Footprint: Designator=DA7_4 Old Footprint=SOP8 New Footprint=SOP8
Change Physical Footprint: Designator=DA7_5 Old Footprint=SOP8 New Footprint=SOP8
Change Physical Footprint: Designator=DA7_6 Old Footprint=SOP8 New Footprint=SOP8
Change Physical Footprint: Designator=DA7_7 Old Footprint=SOP8 New Footprint=SOP8
Change Physical Footprint: Designator=DA8 Old Footprint=8SOP(Exposed_Pad) New Footprint=8SOP(Exposed_Pad)
Change Physical Footprint: Designator=DD1 Old Footprint=SOIC-8 New Footprint=SOIC-8
Change Physical Footprint: Designator=DD2 Old Footprint=SOIC-16W New Footprint=SOIC-16W
Change Physical Footprint: Designator=DD3 Old Footprint=sim800l New Footprint=sim800l
Change Physical Footprint: Designator=DD4 Old Footprint=arduino_nano New Footprint=arduino_nano
Change Physical Footprint: Designator=DD5 Old Footprint=SOIC-16 New Footprint=SOIC-16
Change Physical Footprint: Designator=DD6 Old Footprint=SOIC-16 New Footprint=SOIC-16
Change Physical Footprint: Designator=DD7 Old Footprint=TSSOP-16 New Footprint=TSSOP-16
Change Physical Footprint: Designator=DD8 Old Footprint=DHT22 New Footprint=DHT22
Change Physical Footprint: Designator=DD9 Old Footprint=SOT23-6 New Footprint=SOT23-6
Change Physical Footprint: Designator=F1 Old Footprint=fuse_20x5_on_clips_FC-M New Footprint=fuse_20x5_on_clips_FC-M
Change Physical Footprint: Designator=L1 Old Footprint=IHLP-4040 New Footprint=IHLP-4040
Change Physical Footprint: Designator=L2_1 Old Footprint=IHLP-2525 New Footprint=IHLP-2525
Change Physical Footprint: Designator=L2_2 Old Footprint=IHLP-2525 New Footprint=IHLP-2525
Change Physical Footprint: Designator=L2_3 Old Footprint=IHLP-2525 New Footprint=IHLP-2525
Change Physical Footprint: Designator=L3 Old Footprint=IHLP-4040 New Footprint=IHLP-4040
Change Physical Footprint: Designator=L4 Old Footprint=B82462G4 New Footprint=B82462G4
Change Physical Footprint: Designator=L5 Old Footprint=B82462G4 New Footprint=B82462G4
Change Physical Footprint: Designator=R1 Old Footprint=1206R New Footprint=1206R
Change Physical Footprint: Designator=R2 Old Footprint=1206R New Footprint=1206R
Change Physical Footprint: Designator=R3 Old Footprint=0603R New Footprint=0603R
Change Physical Footprint: Designator=R4 Old Footprint=0603R New Footprint=0603R
Change Physical Footprint: Designator=R5 Old Footprint=0603R New Footprint=0603R
Change Physical Footprint: Designator=R6 Old Footprint=0603R New Footprint=0603R
Change Physical Footprint: Designator=R7 Old Footprint=0603R New Footprint=0603R
Change Physical Footprint: Designator=R8 Old Footprint=0603R New Footprint=0603R
Change Physical Footprint: Designator=R9 Old Footprint=0603R New Footprint=0603R
Change Physical Footprint: Designator=R10 Old Footprint=0603R New Footprint=0603R
Change Physical Footprint: Designator=R11 Old Footprint=0603R New Footprint=0603R
Change Physical Footprint: Designator=R12 Old Footprint=0603R New Footprint=0603R
Change Physical Footprint: Designator=R13 Old Footprint=0603R New Footprint=0603R
Change Physical Footprint: Designator=R14 Old Footprint=0603R New Footprint=0603R
Change Physical Footprint: Designator=R15 Old Footprint=0603R New Footprint=0603R
Change Physical Footprint: Designator=R16 Old Footprint=0603R New Footprint=0603R
Change Physical Footprint: Designator=R17 Old Footprint=0603R New Footprint=0603R
Change Physical Footprint: Designator=R18 Old Footprint=0603R New Footprint=0603R
Change Physical Footprint: Designator=R19 Old Footprint=0603R New Footprint=0603R
Change Physical Footprint: Designator=R20 Old Footprint=0603R New Footprint=0603R
Change Physical Footprint: Designator=R21 Old Footprint=0603R New Footprint=0603R
Change Physical Footprint: Designator=R22 Old Footprint=0603R New Footprint=0603R
Change Physical Footprint: Designator=R23 Old Footprint=0603R New Footprint=0603R
Change Physical Footprint: Designator=R24 Old Footprint=0603R New Footprint=0603R
Change Physical Footprint: Designator=R25 Old Footprint=0603R New Footprint=0603R
Change Physical Footprint: Designator=R26 Old Footprint=0603R New Footprint=0603R
Change Physical Footprint: Designator=R27 Old Footprint=0603R New Footprint=0603R
Change Physical Footprint: Designator=R28 Old Footprint=0603R New Footprint=0603R
Change Physical Footprint: Designator=R29 Old Footprint=0603R New Footprint=0603R
Change Physical Footprint: Designator=R30_1 Old Footprint=0603R New Footprint=0603R
Change Physical Footprint: Designator=R30_2 Old Footprint=0603R New Footprint=0603R
Change Physical Footprint: Designator=R30_3 Old Footprint=0603R New Footprint=0603R
Change Physical Footprint: Designator=R31_1 Old Footprint=0603R New Footprint=0603R
Change Physical Footprint: Designator=R31_2 Old Footprint=0603R New Footprint=0603R
Change Physical Footprint: Designator=R31_3 Old Footprint=0603R New Footprint=0603R
Change Physical Footprint: Designator=R32_1 Old Footprint=0603R New Footprint=0603R
Change Physical Footprint: Designator=R32_2 Old Footprint=0603R New Footprint=0603R
Change Physical Footprint: Designator=R32_3 Old Footprint=0603R New Footprint=0603R
Change Physical Footprint: Designator=R33_1 Old Footprint=0603R New Footprint=0603R
Change Physical Footprint: Designator=R33_2 Old Footprint=0603R New Footprint=0603R
Change Physical Footprint: Designator=R33_3 Old Footprint=0603R New Footprint=0603R
Change Physical Footprint: Designator=R34_1 Old Footprint=3mm_trim New Footprint=3mm_trim
Change Physical Footprint: Designator=R34_2 Old Footprint=3mm_trim New Footprint=3mm_trim
Change Physical Footprint: Designator=R34_3 Old Footprint=3mm_trim New Footprint=3mm_trim
Change Physical Footprint: Designator=R35_1 Old Footprint=0603R New Footprint=0603R
Change Physical Footprint: Designator=R35_2 Old Footprint=0603R New Footprint=0603R
Change Physical Footprint: Designator=R35_3 Old Footprint=0603R New Footprint=0603R
Change Physical Footprint: Designator=R35_4 Old Footprint=0603R New Footprint=0603R
Change Physical Footprint: Designator=R35_5 Old Footprint=0603R New Footprint=0603R
Change Physical Footprint: Designator=R35_6 Old Footprint=0603R New Footprint=0603R
Change Physical Footprint: Designator=R35_7 Old Footprint=0603R New Footprint=0603R
Change Physical Footprint: Designator=R36_1 Old Footprint=0603R New Footprint=0603R
Change Physical Footprint: Designator=R36_2 Old Footprint=0603R New Footprint=0603R
Change Physical Footprint: Designator=R36_3 Old Footprint=0603R New Footprint=0603R
Change Physical Footprint: Designator=R36_4 Old Footprint=0603R New Footprint=0603R
Change Physical Footprint: Designator=R36_5 Old Footprint=0603R New Footprint=0603R
Change Physical Footprint: Designator=R36_6 Old Footprint=0603R New Footprint=0603R
Change Physical Footprint: Designator=R36_7 Old Footprint=0603R New Footprint=0603R
Change Physical Footprint: Designator=R37_1 Old Footprint=0603R New Footprint=0603R
Change Physical Footprint: Designator=R37_2 Old Footprint=0603R New Footprint=0603R
Change Physical Footprint: Designator=R37_3 Old Footprint=0603R New Footprint=0603R
Change Physical Footprint: Designator=R37_4 Old Footprint=0603R New Footprint=0603R
Change Physical Footprint: Designator=R37_5 Old Footprint=0603R New Footprint=0603R
Change Physical Footprint: Designator=R37_6 Old Footprint=0603R New Footprint=0603R
Change Physical Footprint: Designator=R37_7 Old Footprint=0603R New Footprint=0603R
Change Physical Footprint: Designator=R38_1 Old Footprint=0603R New Footprint=0603R
Change Physical Footprint: Designator=R38_2 Old Footprint=0603R New Footprint=0603R
Change Physical Footprint: Designator=R38_3 Old Footprint=0603R New Footprint=0603R
Change Physical Footprint: Designator=R38_4 Old Footprint=0603R New Footprint=0603R
Change Physical Footprint: Designator=R38_5 Old Footprint=0603R New Footprint=0603R
Change Physical Footprint: Designator=R38_6 Old Footprint=0603R New Footprint=0603R
Change Physical Footprint: Designator=R38_7 Old Footprint=0603R New Footprint=0603R
Change Physical Footprint: Designator=R39_1 Old Footprint=0603R New Footprint=0603R
Change Physical Footprint: Designator=R39_2 Old Footprint=0603R New Footprint=0603R
Change Physical Footprint: Designator=R39_3 Old Footprint=0603R New Footprint=0603R
Change Physical Footprint: Designator=R39_4 Old Footprint=0603R New Footprint=0603R
Change Physical Footprint: Designator=R39_5 Old Footprint=0603R New Footprint=0603R
Change Physical Footprint: Designator=R39_6 Old Footprint=0603R New Footprint=0603R
Change Physical Footprint: Designator=R39_7 Old Footprint=0603R New Footprint=0603R
Change Physical Footprint: Designator=R40_1 Old Footprint=0603R New Footprint=0603R
Change Physical Footprint: Designator=R40_2 Old Footprint=0603R New Footprint=0603R
Change Physical Footprint: Designator=R40_3 Old Footprint=0603R New Footprint=0603R
Change Physical Footprint: Designator=R40_4 Old Footprint=0603R New Footprint=0603R
Change Physical Footprint: Designator=R40_5 Old Footprint=0603R New Footprint=0603R
Change Physical Footprint: Designator=R40_6 Old Footprint=0603R New Footprint=0603R
Change Physical Footprint: Designator=R40_7 Old Footprint=0603R New Footprint=0603R
Change Physical Footprint: Designator=R41_1 Old Footprint=0603R New Footprint=0603R
Change Physical Footprint: Designator=R41_2 Old Footprint=0603R New Footprint=0603R
Change Physical Footprint: Designator=R41_3 Old Footprint=0603R New Footprint=0603R
Change Physical Footprint: Designator=R41_4 Old Footprint=0603R New Footprint=0603R
Change Physical Footprint: Designator=R41_5 Old Footprint=0603R New Footprint=0603R
Change Physical Footprint: Designator=R41_6 Old Footprint=0603R New Footprint=0603R
Change Physical Footprint: Designator=R41_7 Old Footprint=0603R New Footprint=0603R
Change Physical Footprint: Designator=R42_1 Old Footprint=0603R New Footprint=0603R
Change Physical Footprint: Designator=R42_2 Old Footprint=0603R New Footprint=0603R
Change Physical Footprint: Designator=R42_3 Old Footprint=0603R New Footprint=0603R
Change Physical Footprint: Designator=R42_4 Old Footprint=0603R New Footprint=0603R
Change Physical Footprint: Designator=R42_5 Old Footprint=0603R New Footprint=0603R
Change Physical Footprint: Designator=R42_6 Old Footprint=0603R New Footprint=0603R
Change Physical Footprint: Designator=R42_7 Old Footprint=0603R New Footprint=0603R
Change Physical Footprint: Designator=R43_1 Old Footprint=2512R New Footprint=2512R
Change Physical Footprint: Designator=R43_2 Old Footprint=2512R New Footprint=2512R
Change Physical Footprint: Designator=R43_3 Old Footprint=2512R New Footprint=2512R
Change Physical Footprint: Designator=R43_4 Old Footprint=2512R New Footprint=2512R
Change Physical Footprint: Designator=R43_5 Old Footprint=2512R New Footprint=2512R
Change Physical Footprint: Designator=R43_6 Old Footprint=2512R New Footprint=2512R
Change Physical Footprint: Designator=R43_7 Old Footprint=2512R New Footprint=2512R
Change Physical Footprint: Designator=R44 Old Footprint=0603R New Footprint=0603R
Change Physical Footprint: Designator=R45 Old Footprint=3mm_trim New Footprint=3mm_trim
Change Physical Footprint: Designator=R46 Old Footprint=0603R New Footprint=0603R
Change Physical Footprint: Designator=R47 Old Footprint=0603R New Footprint=0603R
Change Physical Footprint: Designator=R48 Old Footprint=0603R New Footprint=0603R
Change Physical Footprint: Designator=R49 Old Footprint=0603R New Footprint=0603R
Change Physical Footprint: Designator=R50 Old Footprint=3mm_trim New Footprint=3mm_trim
Change Physical Footprint: Designator=SB1 Old Footprint=0805SB New Footprint=0805SB
Change Physical Footprint: Designator=SB2 Old Footprint=0805SB New Footprint=0805SB
Change Physical Footprint: Designator=SB3 Old Footprint=0805SB New Footprint=0805SB
Change Physical Footprint: Designator=U1 Old Footprint=SOT23-3 New Footprint=SOT23-3
Change Physical Footprint: Designator=VD1 Old Footprint=SOD523 New Footprint=SOD523
Change Physical Footprint: Designator=VD2 Old Footprint=SOD523 New Footprint=SOD523
Change Physical Footprint: Designator=VD3 Old Footprint=SMB New Footprint=SMB
Change Physical Footprint: Designator=VD4 Old Footprint=SOD523 New Footprint=SOD523
Change Physical Footprint: Designator=VD5 Old Footprint=mini_MELF_3.5mm New Footprint=mini_MELF_3.5mm
Change Physical Footprint: Designator=VD6 Old Footprint=SOD523 New Footprint=SOD523
Change Physical Footprint: Designator=VD7 Old Footprint=SOD523 New Footprint=SOD523
Change Physical Footprint: Designator=VD8 Old Footprint=SOD523 New Footprint=SOD523
Change Physical Footprint: Designator=VD9 Old Footprint=SMA New Footprint=SMA
Change Physical Footprint: Designator=VD10 Old Footprint=SOD523 New Footprint=SOD523
Change Physical Footprint: Designator=VD11 Old Footprint=SMA New Footprint=SMA
Change Physical Footprint: Designator=VD12 Old Footprint=SOD-323 New Footprint=SOD-323
Change Physical Footprint: Designator=VD13 Old Footprint=TO-277 New Footprint=TO-277
Change Physical Footprint: Designator=VD14_1 Old Footprint=SMC New Footprint=SMC
Change Physical Footprint: Designator=VD14_2 Old Footprint=SMC New Footprint=SMC
Change Physical Footprint: Designator=VD14_3 Old Footprint=SMC New Footprint=SMC
Change Physical Footprint: Designator=VD15 Old Footprint=SOD-323 New Footprint=SOD-323
Change Physical Footprint: Designator=VD16 Old Footprint=SMA New Footprint=SMA
Change Physical Footprint: Designator=VD17 Old Footprint=SMA New Footprint=SMA
Change Physical Footprint: Designator=VT1 Old Footprint=SOT23-3 New Footprint=SOT23-3
Change Physical Footprint: Designator=X1 Old Footprint=XT30PW-M New Footprint=XT30PW-M
Change Physical Footprint: Designator=XP1 Old Footprint=DIN41612_32_2row_right_angle_father New Footprint=DIN41612_32_2row_right_angle_father
