Removed Member From Class: ClassName=ץוץולא Member=R27
Removed Member From Class: ClassName=ץוץולא Member=R28
Removed Member From Class: ClassName=ץוץולא Member=R29
Removed Member From Class: ClassName=jarit'_paneli1 Member=R35_1
Removed Member From Class: ClassName=jarit'_paneli3 Member=R35_3
Removed Member From Class: ClassName=jarit'_paneli2 Member=R37_2
Removed Member From Class: ClassName=jarit'_paneli1 Member=R38_1
Removed Member From Class: ClassName=jarit'_paneli1 Member=R39_1
Removed Member From Class: ClassName=jarit'_paneli2 Member=R39_2
Removed Member From Class: ClassName=jarit'_paneli3 Member=R39_3
Removed Member From Class: ClassName=jarit'_paneli2 Member=R40_2
Removed Member From Class: ClassName=jarit'_paneli1 Member=R41_1
Removed Member From Class: ClassName=jarit'_paneli2 Member=R41_2
Removed Member From Class: ClassName=jarit'_paneli3 Member=R41_3
Removed Member From Class: ClassName=jarit'_paneli1 Member=R42_1
Removed Member From Class: ClassName=jarit'_paneli3 Member=R42_3
Removed Member From Class: ClassName=jarit'_paneli2 Member=R43_2
Removed Member From Class: ClassName=jarit'_paneli3 Member=R43_3
Removed Member From Class: ClassName=Udcdc_na_akkum Member=R49
Removed Member From Class: ClassName=ץוץולא Member=XP?
Change Component Designator: OldDesignator=XP? NewDesignator=XP3
Added Component: Designator=XP2(DIN41612_32_2row_straight_mother)
Add component (AddParameter): Name = "Part Number"; Value = "DIN41612_32_2row_straight_mother"; VariantName = "[No Variations]"
Added Member To Class: ClassName=ץוץולא Member=Component C12 Capacitor
Added Member To Class: ClassName=ץוץולא Member=Component R14 Resistor
Added Member To Class: ClassName=ץוץולא Member=Component R22 Resistor
Added Member To Class: ClassName=ץוץולא Member=Component R23 Resistor
Added Member To Class: ClassName=ץוץולא Member=Component R24 Resistor
Added Member To Class: ClassName=jarit'_paneli1 Member=Component R30_1 (R30) Resistor
Added Member To Class: ClassName=jarit'_paneli2 Member=Component R30_2 (R30) Resistor
Added Member To Class: ClassName=jarit'_paneli3 Member=Component R30_3 (R30) Resistor
Added Member To Class: ClassName=jarit'_paneli1 Member=Component R31_1 (R31) Resistor
Added Member To Class: ClassName=jarit'_paneli2 Member=Component R31_2 (R31) Resistor
Added Member To Class: ClassName=jarit'_paneli3 Member=Component R31_3 (R31) Resistor
Added Member To Class: ClassName=jarit'_paneli1 Member=Component R32_1 (R32) Resistor
Added Member To Class: ClassName=jarit'_paneli2 Member=Component R32_2 (R32) Resistor
Added Member To Class: ClassName=jarit'_paneli3 Member=Component R32_3 (R32) Resistor
Added Member To Class: ClassName=jarit'_paneli1 Member=Component R33_1 (R33) Resistor
Added Member To Class: ClassName=jarit'_paneli2 Member=Component R33_2 (R33) Resistor
Added Member To Class: ClassName=jarit'_paneli3 Member=Component R33_3 (R33) Resistor
Added Member To Class: ClassName=jarit'_paneli1 Member=Component R34_1 (R34) TC33X-2-503E
Added Member To Class: ClassName=jarit'_paneli2 Member=Component R34_2 (R34) TC33X-2-503E
Added Member To Class: ClassName=jarit'_paneli3 Member=Component R34_3 (R34) TC33X-2-503E
Added Member To Class: ClassName=switch1 Member=Component R35_1 (R35) Resistor
Added Member To Class: ClassName=switch2 Member=Component R35_2 (R35) Resistor
Added Member To Class: ClassName=switch3 Member=Component R35_3 (R35) Resistor
Added Member To Class: ClassName=switch5 Member=Component R35_5 (R35) Resistor
Added Member To Class: ClassName=switch6 Member=Component R35_6 (R35) Resistor
Added Member To Class: ClassName=switch1 Member=Component R36_1 (R36) Resistor
Added Member To Class: ClassName=switch2 Member=Component R36_2 (R36) Resistor
Added Member To Class: ClassName=switch3 Member=Component R36_3 (R36) Resistor
Added Member To Class: ClassName=switch5 Member=Component R36_5 (R36) Resistor
Added Member To Class: ClassName=switch6 Member=Component R36_6 (R36) Resistor
Added Member To Class: ClassName=switch1 Member=Component R37_1 (R37) Resistor
Added Member To Class: ClassName=switch2 Member=Component R37_2 (R37) Resistor
Added Member To Class: ClassName=switch3 Member=Component R37_3 (R37) Resistor
Added Member To Class: ClassName=switch5 Member=Component R37_5 (R37) Resistor
Added Member To Class: ClassName=switch6 Member=Component R37_6 (R37) Resistor
Added Member To Class: ClassName=switch1 Member=Component R38_1 (R38) Resistor
Added Member To Class: ClassName=switch2 Member=Component R38_2 (R38) Resistor
Added Member To Class: ClassName=switch3 Member=Component R38_3 (R38) Resistor
Added Member To Class: ClassName=switch5 Member=Component R38_5 (R38) Resistor
Added Member To Class: ClassName=switch6 Member=Component R38_6 (R38) Resistor
Added Member To Class: ClassName=Udcdc_na_akkum Member=Component R44 Resistor
Added Member To Class: ClassName=ץוץולא Member=Component VD6 PESD5V0S1UB
Added Member To Class: ClassName=ץוץולא Member=Component VD8 PESD5V0S1UB
Added Member To Class: ClassName=ץוץולא Member=Component XP2 DIN41612_32_2row_straight_mother
Added Member To Class: ClassName=ץוץולא Member=Component XP3 DIN41612_32_2row_right_angle_father
