Removed Member From Class: ClassName=Udcdc5v Member=C?
Change Component Designator: OldDesignator=C? NewDesignator=C14
Change Component Designator: OldDesignator=C? NewDesignator=C15
Change Component Designator: OldDesignator=C? NewDesignator=C17
Change Component Designator: OldDesignator=C? NewDesignator=C18
Change Component Designator: OldDesignator=C? NewDesignator=C30
Change Component Designator: OldDesignator=C? NewDesignator=C31
Change Component Designator: OldDesignator=C? NewDesignator=C33
Change Component Designator: OldDesignator=C? NewDesignator=C34
Change Component Designator: OldDesignator=R27_1 NewDesignator=R28_1
Change Component Designator: OldDesignator=R27_2 NewDesignator=R28_2
Change Component Designator: OldDesignator=R28_1 NewDesignator=R30_1
Change Component Designator: OldDesignator=R28_2 NewDesignator=R30_2
Change Component Designator: OldDesignator=R28_3 NewDesignator=R30_3
Change Component Designator: OldDesignator=R28_4 NewDesignator=R30_4
Change Component Designator: OldDesignator=R28_5 NewDesignator=R30_5
Change Component Designator: OldDesignator=R28_6 NewDesignator=R30_6
Change Component Designator: OldDesignator=R28_7 NewDesignator=R30_7
Change Component Designator: OldDesignator=R29_1 NewDesignator=R31_1
Change Component Designator: OldDesignator=R29_2 NewDesignator=R31_2
Change Component Designator: OldDesignator=R29_3 NewDesignator=R31_3
Change Component Designator: OldDesignator=R29_4 NewDesignator=R31_4
Change Component Designator: OldDesignator=R29_5 NewDesignator=R31_5
Change Component Designator: OldDesignator=R29_6 NewDesignator=R31_6
Change Component Designator: OldDesignator=R29_7 NewDesignator=R31_7
Change Component Designator: OldDesignator=R30_1 NewDesignator=R32_1
Change Component Designator: OldDesignator=R30_2 NewDesignator=R32_2
Change Component Designator: OldDesignator=R30_3 NewDesignator=R32_3
Change Component Designator: OldDesignator=R30_4 NewDesignator=R32_4
Change Component Designator: OldDesignator=R30_5 NewDesignator=R32_5
Change Component Designator: OldDesignator=R30_6 NewDesignator=R32_6
Change Component Designator: OldDesignator=R30_7 NewDesignator=R32_7
Change Component Designator: OldDesignator=R31_1 NewDesignator=R33_1
Change Component Designator: OldDesignator=R31_2 NewDesignator=R33_2
Change Component Designator: OldDesignator=R31_3 NewDesignator=R33_3
Change Component Designator: OldDesignator=R31_4 NewDesignator=R33_4
Change Component Designator: OldDesignator=R31_5 NewDesignator=R33_5
Change Component Designator: OldDesignator=R31_6 NewDesignator=R33_6
Change Component Designator: OldDesignator=R31_7 NewDesignator=R33_7
Change Component Designator: OldDesignator=R32_1 NewDesignator=R34_1
Change Component Designator: OldDesignator=R32_2 NewDesignator=R34_2
Change Component Designator: OldDesignator=R32_3 NewDesignator=R34_3
Change Component Designator: OldDesignator=R32_4 NewDesignator=R34_4
Change Component Designator: OldDesignator=R32_5 NewDesignator=R34_5
Change Component Designator: OldDesignator=R32_6 NewDesignator=R34_6
Change Component Designator: OldDesignator=R32_7 NewDesignator=R34_7
Change Component Designator: OldDesignator=R33_1 NewDesignator=R35_1
Change Component Designator: OldDesignator=R33_2 NewDesignator=R35_2
Change Component Designator: OldDesignator=R33_3 NewDesignator=R35_3
Change Component Designator: OldDesignator=R33_4 NewDesignator=R35_4
Change Component Designator: OldDesignator=R33_5 NewDesignator=R35_5
Change Component Designator: OldDesignator=R33_6 NewDesignator=R35_6
Change Component Designator: OldDesignator=R33_7 NewDesignator=R35_7
Change Component Designator: OldDesignator=R34_1 NewDesignator=R36_1
Change Component Designator: OldDesignator=R34_2 NewDesignator=R36_2
Change Component Designator: OldDesignator=R34_3 NewDesignator=R36_3
Change Component Designator: OldDesignator=R34_4 NewDesignator=R36_4
Change Component Designator: OldDesignator=R34_5 NewDesignator=R36_5
Change Component Designator: OldDesignator=R34_6 NewDesignator=R36_6
Change Component Designator: OldDesignator=R34_7 NewDesignator=R36_7
Change Component Designator: OldDesignator=R35_1 NewDesignator=R37_1
Change Component Designator: OldDesignator=R35_2 NewDesignator=R37_2
Change Component Designator: OldDesignator=R35_3 NewDesignator=R37_3
Change Component Designator: OldDesignator=R35_4 NewDesignator=R37_4
Change Component Designator: OldDesignator=R35_5 NewDesignator=R37_5
Change Component Designator: OldDesignator=R35_6 NewDesignator=R37_6
Change Component Designator: OldDesignator=R35_7 NewDesignator=R37_7
Change Component Designator: OldDesignator=R36_1 NewDesignator=R38_1
Change Component Designator: OldDesignator=R36_2 NewDesignator=R38_2
Change Component Designator: OldDesignator=R36_3 NewDesignator=R38_3
Change Component Designator: OldDesignator=R36_4 NewDesignator=R38_4
Change Component Designator: OldDesignator=R36_5 NewDesignator=R38_5
Change Component Designator: OldDesignator=R36_6 NewDesignator=R38_6
Change Component Designator: OldDesignator=R36_7 NewDesignator=R38_7
Change Component Designator: OldDesignator=R37 NewDesignator=R39
Change Component Designator: OldDesignator=R38 NewDesignator=R40
Change Component Designator: OldDesignator=R39 NewDesignator=R41
Change Component Designator: OldDesignator=R40 NewDesignator=R42
Change Component Designator: OldDesignator=R41 NewDesignator=R43
Change Component Designator: OldDesignator=R42 NewDesignator=R44
Change Component Designator: OldDesignator=R43 NewDesignator=R45
Added Component: Designator=R27_1(0603R)
Add component (AddParameter): Name = "Case"; Value = ""; VariantName = "[No Variations]"
Add component (AddParameter): Name = "Datasheet"; Value = ""; VariantName = "[No Variations]"
Add component (AddParameter): Name = "Manufactore"; Value = ""; VariantName = "[No Variations]"
Add component (AddParameter): Name = "Notice"; Value = ""; VariantName = "[No Variations]"
Add component (AddParameter): Name = "Part Number"; Value = "Resistor_130k_1_0603"; VariantName = "[No Variations]"
Add component (AddParameter): Name = "Power"; Value = ""; VariantName = "[No Variations]"
Add component (AddParameter): Name = "Rate"; Value = ""; VariantName = "[No Variations]"
Add component (AddParameter): Name = "Shop"; Value = ""; VariantName = "[No Variations]"
Add component (AddParameter): Name = "Tolerance"; Value = "1%"; VariantName = "[No Variations]"
Add component (AddParameter): Name = "Value"; Value = "130 ê"; VariantName = "[No Variations]"
Added Component: Designator=R27_2(0603R)
Add component (AddParameter): Name = "Case"; Value = ""; VariantName = "[No Variations]"
Add component (AddParameter): Name = "Datasheet"; Value = ""; VariantName = "[No Variations]"
Add component (AddParameter): Name = "Manufactore"; Value = ""; VariantName = "[No Variations]"
Add component (AddParameter): Name = "Notice"; Value = ""; VariantName = "[No Variations]"
Add component (AddParameter): Name = "Part Number"; Value = "Resistor_130k_1_0603"; VariantName = "[No Variations]"
Add component (AddParameter): Name = "Power"; Value = ""; VariantName = "[No Variations]"
Add component (AddParameter): Name = "Rate"; Value = ""; VariantName = "[No Variations]"
Add component (AddParameter): Name = "Shop"; Value = ""; VariantName = "[No Variations]"
Add component (AddParameter): Name = "Tolerance"; Value = "1%"; VariantName = "[No Variations]"
Add component (AddParameter): Name = "Value"; Value = "130 ê"; VariantName = "[No Variations]"
Added Component: Designator=R29_1(3mm_trim)
Add component (AddParameter): Name = "Part Number"; Value = "TC33X-2-503E"; VariantName = "[No Variations]"
Add component (AddParameter): Name = "Tolerance"; Value = "50%"; VariantName = "[No Variations]"
Add component (AddParameter): Name = "Value"; Value = "50 ê"; VariantName = "[No Variations]"
Added Component: Designator=R29_2(3mm_trim)
Add component (AddParameter): Name = "Part Number"; Value = "TC33X-2-503E"; VariantName = "[No Variations]"
Add component (AddParameter): Name = "Tolerance"; Value = "50%"; VariantName = "[No Variations]"
Add component (AddParameter): Name = "Value"; Value = "50 ê"; VariantName = "[No Variations]"
Added Pin To Net: NetName=+24_1 Pin=R27_1-2
Added Pin To Net: NetName=+24_2 Pin=R27_2-2
Added Pin To Net: NetName=NetDA4_1_2 Pin=R29_1-2
Added Pin To Net: NetName=NetDA4_2_2 Pin=R29_2-2
Added Pin To Net: NetName=GND Pin=R45-1
Change Net Name : Old Net Name=NetR42_1 New Net Name=NetR44_1
Added Pin To Net: NetName=NetR27_1_1 Pin=R27_1-1
Added Pin To Net: NetName=NetR27_1_1 Pin=R29_1-1
Added Net: Name=NetR27_1_1
Added Pin To Net: NetName=NetR27_2_1 Pin=R27_2-1
Added Pin To Net: NetName=NetR27_2_1 Pin=R29_2-1
Added Net: Name=NetR27_2_1
Added Pin To Net: NetName=NetR40_1 Pin=R40-1
Added Pin To Net: NetName=NetR40_1 Pin=R41-2
Added Net: Name=NetR40_1
Added Member To Class: ClassName=Udcdc5v Member=Component C14 Capacitor
Added Member To Class: ClassName=Udcdc5v Member=Component C15 Capacitor
Added Member To Class: ClassName=Udcdc5v Member=Component C17 Capacitor
Added Member To Class: ClassName=Udcdc5v Member=Component C18 Capacitor
Added Member To Class: ClassName=Udcdc_na_akkum Member=Component C31 Capacitor
Added Member To Class: ClassName=Udcdc_na_akkum Member=Component C33 Capacitor
Added Member To Class: ClassName=Udcdc_na_akkum Member=Component C34 Capacitor
Added Member To Class: ClassName=jarit'_paneli1 Member=Component R28_1 (R28) Resistor
Added Member To Class: ClassName=jarit'_paneli2 Member=Component R28_2 (R28) Resistor
Added Member To Class: ClassName=jarit'_paneli1 Member=Component R29_1 (R29) TC33X-2-503E
Added Member To Class: ClassName=jarit'_paneli2 Member=Component R29_2 (R29) TC33X-2-503E
