Removed Pin From Net: NetName=NetDA4_1_2 Pin=R29_1-2
Removed Pin From Net: NetName=NetDA4_2_2 Pin=R29_2-2
Removed Pin From Net: NetName=NetR44_1 Pin=R45-1
Change Component Description : Designator=VD10 Old Description=Диод шоттки на 30 В, номинальный ток 0.2 А New Description=Диод шоттки на 30 В, ном. ток 0.2 А
Change Component Description : Designator=VD13 Old Description=Диод шоттки на 30 В, номинальный ток 0.2 А New Description=Диод шоттки на 30 В, ном. ток 0.2 А
Change Component Description : Designator=VD11 Old Description=Диод шоттки на 45 В, номинальный ток 10 А New Description=Диод шоттки на 45 В, ном. ток 10 А
Change Component Description : Designator=VD12_1 Old Description=Диод шоттки на 100 В, номинальный ток 8 А New Description=Диод шоттки на 100 В, ном. ток 8 А
Change Component Description : Designator=VD12_2 Old Description=Диод шоттки на 100 В, номинальный ток 8 А New Description=Диод шоттки на 100 В, ном. ток 8 А
Change Component Description : Designator=R23 Old Description=Резистор номиналом 31.6 кОм и точностью 1% New Description=Резистор номиналом 31,6 кОм и точностью 1%
Change Component Description : Designator=R24 Old Description=Резистор номиналом 100 кОм и точностью1% New Description=Резистор номиналом 100 кОм и точностью 1%
Change Component Description : Designator=R42 Old Description=Резистор номиналом 100 кОм и точностью1% New Description=Резистор номиналом 100 кОм и точностью 1%
Change component parameters: Designator = "D1" ("D1"); Footprint = "SOT23-3"; UniqueID = "\NCXFSUFF" ("\NCXFSUFF")
Change component parameters (AddParameter): Name = "Interface"; Value = "RS-485"; VariantName = "[No Variations]"
Change component parameters (AddParameter): Name = "Part Number"; Value = "PSM712"; VariantName = "[No Variations]"
Change component parameters: Designator = "D2" ("D2"); Footprint = "SOT23-3"; UniqueID = "\XMSESVFW" ("\XMSESVFW")
Change component parameters (AddParameter): Name = "Interface"; Value = "RS-485"; VariantName = "[No Variations]"
Change component parameters (AddParameter): Name = "Part Number"; Value = "PSM712"; VariantName = "[No Variations]"
Change component parameters: Designator = "R24" ("R24"); Footprint = "0603R"; UniqueID = "\NTZRRQZP\KZDNLWWD" ("\NTZRRQZP\KZDNLWWD")
Change component parameters (AddParameter): Name = "Case"; Value = ""; VariantName = "[No Variations]"
Change component parameters (AddParameter): Name = "Datasheet"; Value = ""; VariantName = "[No Variations]"
Change component parameters (AddParameter): Name = "Manufactore"; Value = ""; VariantName = "[No Variations]"
Change component parameters (AddParameter): Name = "Notice"; Value = ""; VariantName = "[No Variations]"
Change component parameters (AddParameter): Name = "Part Number"; Value = "Resistor_100k_1_0603"; VariantName = "[No Variations]"
Change component parameters (AddParameter): Name = "Power"; Value = ""; VariantName = "[No Variations]"
Change component parameters (AddParameter): Name = "Rate"; Value = ""; VariantName = "[No Variations]"
Change component parameters (AddParameter): Name = "Shop"; Value = ""; VariantName = "[No Variations]"
Change component parameters (AddParameter): Name = "Tolerance"; Value = "1%"; VariantName = "[No Variations]"
Change component parameters (AddParameter): Name = "Value"; Value = "100 к"; VariantName = "[No Variations]"
Change component parameters: Designator = "R25_1" ("R25"); Footprint = "0603R"; UniqueID = "\1QBZLGTAF\ODVEARWW" ("\1QBZLGTAF\ODVEARWW")
Change component parameters (AddParameter): Name = "Case"; Value = ""; VariantName = "[No Variations]"
Change component parameters (AddParameter): Name = "Datasheet"; Value = ""; VariantName = "[No Variations]"
Change component parameters (AddParameter): Name = "Manufactore"; Value = ""; VariantName = "[No Variations]"
Change component parameters (AddParameter): Name = "Notice"; Value = ""; VariantName = "[No Variations]"
Change component parameters (AddParameter): Name = "Part Number"; Value = "Resistor_10_1_0603"; VariantName = "[No Variations]"
Change component parameters (AddParameter): Name = "Power"; Value = ""; VariantName = "[No Variations]"
Change component parameters (AddParameter): Name = "Rate"; Value = ""; VariantName = "[No Variations]"
Change component parameters (AddParameter): Name = "Shop"; Value = ""; VariantName = "[No Variations]"
Change component parameters (AddParameter): Name = "Tolerance"; Value = "1%"; VariantName = "[No Variations]"
Change component parameters (AddParameter): Name = "Value"; Value = "10"; VariantName = "[No Variations]"
Change component parameters: Designator = "R25_2" ("R25"); Footprint = "0603R"; UniqueID = "\2QBZLGTAF\ODVEARWW" ("\2QBZLGTAF\ODVEARWW")
Change component parameters (AddParameter): Name = "Case"; Value = ""; VariantName = "[No Variations]"
Change component parameters (AddParameter): Name = "Datasheet"; Value = ""; VariantName = "[No Variations]"
Change component parameters (AddParameter): Name = "Manufactore"; Value = ""; VariantName = "[No Variations]"
Change component parameters (AddParameter): Name = "Notice"; Value = ""; VariantName = "[No Variations]"
Change component parameters (AddParameter): Name = "Part Number"; Value = "Resistor_10_1_0603"; VariantName = "[No Variations]"
Change component parameters (AddParameter): Name = "Power"; Value = ""; VariantName = "[No Variations]"
Change component parameters (AddParameter): Name = "Rate"; Value = ""; VariantName = "[No Variations]"
Change component parameters (AddParameter): Name = "Shop"; Value = ""; VariantName = "[No Variations]"
Change component parameters (AddParameter): Name = "Tolerance"; Value = "1%"; VariantName = "[No Variations]"
Change component parameters (AddParameter): Name = "Value"; Value = "10"; VariantName = "[No Variations]"
Change component parameters: Designator = "R26_1" ("R26"); Footprint = "0603R"; UniqueID = "\1QBZLGTAF\EOLYNNYI" ("\1QBZLGTAF\EOLYNNYI")
Change component parameters (AddParameter): Name = "Case"; Value = ""; VariantName = "[No Variations]"
Change component parameters (AddParameter): Name = "Datasheet"; Value = ""; VariantName = "[No Variations]"
Change component parameters (AddParameter): Name = "Manufactore"; Value = ""; VariantName = "[No Variations]"
Change component parameters (AddParameter): Name = "Notice"; Value = ""; VariantName = "[No Variations]"
Change component parameters (AddParameter): Name = "Part Number"; Value = "Resistor_56_1_0603"; VariantName = "[No Variations]"
Change component parameters (AddParameter): Name = "Power"; Value = ""; VariantName = "[No Variations]"
Change component parameters (AddParameter): Name = "Rate"; Value = ""; VariantName = "[No Variations]"
Change component parameters (AddParameter): Name = "Shop"; Value = ""; VariantName = "[No Variations]"
Change component parameters (AddParameter): Name = "Tolerance"; Value = "1%"; VariantName = "[No Variations]"
Change component parameters (AddParameter): Name = "Value"; Value = "56"; VariantName = "[No Variations]"
Change component parameters: Designator = "R26_2" ("R26"); Footprint = "0603R"; UniqueID = "\2QBZLGTAF\EOLYNNYI" ("\2QBZLGTAF\EOLYNNYI")
Change component parameters (AddParameter): Name = "Case"; Value = ""; VariantName = "[No Variations]"
Change component parameters (AddParameter): Name = "Datasheet"; Value = ""; VariantName = "[No Variations]"
Change component parameters (AddParameter): Name = "Manufactore"; Value = ""; VariantName = "[No Variations]"
Change component parameters (AddParameter): Name = "Notice"; Value = ""; VariantName = "[No Variations]"
Change component parameters (AddParameter): Name = "Part Number"; Value = "Resistor_56_1_0603"; VariantName = "[No Variations]"
Change component parameters (AddParameter): Name = "Power"; Value = ""; VariantName = "[No Variations]"
Change component parameters (AddParameter): Name = "Rate"; Value = ""; VariantName = "[No Variations]"
Change component parameters (AddParameter): Name = "Shop"; Value = ""; VariantName = "[No Variations]"
Change component parameters (AddParameter): Name = "Tolerance"; Value = "1%"; VariantName = "[No Variations]"
Change component parameters (AddParameter): Name = "Value"; Value = "56"; VariantName = "[No Variations]"
Change component parameters: Designator = "R28_1" ("R28"); Footprint = "0603R"; UniqueID = "\1QBZLGTAF\BNUGVJBW" ("\1QBZLGTAF\BNUGVJBW")
Change component parameters (AddParameter): Name = "Case"; Value = ""; VariantName = "[No Variations]"
Change component parameters (AddParameter): Name = "Datasheet"; Value = ""; VariantName = "[No Variations]"
Change component parameters (AddParameter): Name = "Manufactore"; Value = ""; VariantName = "[No Variations]"
Change component parameters (AddParameter): Name = "Notice"; Value = ""; VariantName = "[No Variations]"
Change component parameters (AddParameter): Name = "Part Number"; Value = "Resistor_10k_1_0603"; VariantName = "[No Variations]"
Change component parameters (AddParameter): Name = "Power"; Value = ""; VariantName = "[No Variations]"
Change component parameters (AddParameter): Name = "Rate"; Value = ""; VariantName = "[No Variations]"
Change component parameters (AddParameter): Name = "Shop"; Value = ""; VariantName = "[No Variations]"
Change component parameters (AddParameter): Name = "Tolerance"; Value = "1%"; VariantName = "[No Variations]"
Change component parameters (AddParameter): Name = "Value"; Value = "10 к"; VariantName = "[No Variations]"
Change component parameters: Designator = "R28_2" ("R28"); Footprint = "0603R"; UniqueID = "\2QBZLGTAF\BNUGVJBW" ("\2QBZLGTAF\BNUGVJBW")
Change component parameters (AddParameter): Name = "Case"; Value = ""; VariantName = "[No Variations]"
Change component parameters (AddParameter): Name = "Datasheet"; Value = ""; VariantName = "[No Variations]"
Change component parameters (AddParameter): Name = "Manufactore"; Value = ""; VariantName = "[No Variations]"
Change component parameters (AddParameter): Name = "Notice"; Value = ""; VariantName = "[No Variations]"
Change component parameters (AddParameter): Name = "Part Number"; Value = "Resistor_10k_1_0603"; VariantName = "[No Variations]"
Change component parameters (AddParameter): Name = "Power"; Value = ""; VariantName = "[No Variations]"
Change component parameters (AddParameter): Name = "Rate"; Value = ""; VariantName = "[No Variations]"
Change component parameters (AddParameter): Name = "Shop"; Value = ""; VariantName = "[No Variations]"
Change component parameters (AddParameter): Name = "Tolerance"; Value = "1%"; VariantName = "[No Variations]"
Change component parameters (AddParameter): Name = "Value"; Value = "10 к"; VariantName = "[No Variations]"
Change component parameters: Designator = "R42" ("R42"); Footprint = "0603R"; UniqueID = "\LAIAKKPV\KUFNNBWA" ("\LAIAKKPV\KUFNNBWA")
Change component parameters (AddParameter): Name = "Case"; Value = ""; VariantName = "[No Variations]"
Change component parameters (AddParameter): Name = "Datasheet"; Value = ""; VariantName = "[No Variations]"
Change component parameters (AddParameter): Name = "Manufactore"; Value = ""; VariantName = "[No Variations]"
Change component parameters (AddParameter): Name = "Notice"; Value = ""; VariantName = "[No Variations]"
Change component parameters (AddParameter): Name = "Part Number"; Value = "Resistor_100k_1_0603"; VariantName = "[No Variations]"
Change component parameters (AddParameter): Name = "Power"; Value = ""; VariantName = "[No Variations]"
Change component parameters (AddParameter): Name = "Rate"; Value = ""; VariantName = "[No Variations]"
Change component parameters (AddParameter): Name = "Shop"; Value = ""; VariantName = "[No Variations]"
Change component parameters (AddParameter): Name = "Tolerance"; Value = "1%"; VariantName = "[No Variations]"
Change component parameters (AddParameter): Name = "Value"; Value = "100 к"; VariantName = "[No Variations]"
Change component parameters: Designator = "R23" ("R23"); Footprint = "0603R"; UniqueID = "\NTZRRQZP\DNDZCCMV" ("\NTZRRQZP\DNDZCCMV")
Change component parameters (AddParameter): Name = "Case"; Value = ""; VariantName = "[No Variations]"
Change component parameters (AddParameter): Name = "Datasheet"; Value = ""; VariantName = "[No Variations]"
Change component parameters (AddParameter): Name = "Manufactore"; Value = ""; VariantName = "[No Variations]"
Change component parameters (AddParameter): Name = "Notice"; Value = ""; VariantName = "[No Variations]"
Change component parameters (AddParameter): Name = "Part Number"; Value = "Resistor_31.6k_1_0603"; VariantName = "[No Variations]"
Change component parameters (AddParameter): Name = "Power"; Value = ""; VariantName = "[No Variations]"
Change component parameters (AddParameter): Name = "Rate"; Value = ""; VariantName = "[No Variations]"
Change component parameters (AddParameter): Name = "Shop"; Value = ""; VariantName = "[No Variations]"
Change component parameters (AddParameter): Name = "Tolerance"; Value = "1%"; VariantName = "[No Variations]"
Change component parameters (AddParameter): Name = "Value"; Value = "31,6 к"; VariantName = "[No Variations]"
Change component parameters: Designator = "L1" ("L1"); Footprint = "IHLP-4040"; UniqueID = "\NTZRRQZP\JAQSIMWE" ("\NTZRRQZP\JAQSIMWE")
Change component parameters (AddParameter): Name = "Current (A)"; Value = "4,4"; VariantName = "[No Variations]"
Change component parameters (AddParameter): Name = "Inductance (?H)"; Value = "33"; VariantName = "[No Variations]"
Change component parameters (AddParameter): Name = "Part Number"; Value = "IHLP4040DZER330M11"; VariantName = "[No Variations]"
Change component parameters (AddParameter): Name = "Value"; Value = "33 мк"; VariantName = "[No Variations]"
Added Pin To Net: NetName=NetR27_1_1 Pin=R29_1-2
Added Pin To Net: NetName=NetDA4_1_2 Pin=R29_1-3
Added Pin To Net: NetName=NetR27_2_1 Pin=R29_2-2
Added Pin To Net: NetName=NetDA4_2_2 Pin=R29_2-3
Added Pin To Net: NetName=NetDA8_4 Pin=R40-3
Added Pin To Net: NetName=GND Pin=R45-1
Added Pin To Net: NetName=NetR44_1 Pin=R45-3
