Removed Pin From Net: NetName=+24_1 Pin=DA7_4-5
Removed Pin From Net: NetName=+24_1 Pin=DA7_4-8
Removed Pin From Net: NetName=+24_2 Pin=DA7_7-5
Removed Pin From Net: NetName=+24_2 Pin=DA7_7-8
Removed Pin From Net: NetName=GND Pin=R30_4-1
Removed Pin From Net: NetName=NetDA5_4_2 Pin=R30_4-2
Removed Pin From Net: NetName=GND Pin=R30_7-1
Removed Pin From Net: NetName=NetDA5_7_2 Pin=R30_7-2
Removed Pin From Net: NetName=GND Pin=R31_4-1
Removed Pin From Net: NetName=NetDA6_4_2 Pin=R31_4-2
Removed Pin From Net: NetName=GND Pin=R31_7-1
Removed Pin From Net: NetName=NetDA6_7_2 Pin=R31_7-2
Removed Pin From Net: NetName=GND Pin=R32_4-1
Removed Pin From Net: NetName=NetDA7_4_2 Pin=R32_4-2
Removed Pin From Net: NetName=GND Pin=R32_7-1
Removed Pin From Net: NetName=NetDA7_7_2 Pin=R32_7-2
Removed Pin From Net: NetName=GND Pin=R33_4-1
Removed Pin From Net: NetName=NetDA5_4_4 Pin=R33_4-2
Removed Pin From Net: NetName=GND Pin=R33_7-1
Removed Pin From Net: NetName=NetDA5_7_4 Pin=R33_7-2
Removed Pin From Net: NetName=GND Pin=R34_4-1
Removed Pin From Net: NetName=NetDA6_4_4 Pin=R34_4-2
Removed Pin From Net: NetName=GND Pin=R34_7-1
Removed Pin From Net: NetName=NetDA6_7_4 Pin=R34_7-2
Removed Pin From Net: NetName=NetDA7_4_4 Pin=R35_4-2
Removed Pin From Net: NetName=NetDA7_7_4 Pin=R35_7-2
Removed Pin From Net: NetName=voltage_4 Pin=R36_4-1
Removed Pin From Net: NetName=NetDA6_4_6 Pin=R36_4-2
Removed Pin From Net: NetName=voltage_7 Pin=R36_7-1
Removed Pin From Net: NetName=NetDA6_7_6 Pin=R36_7-2
Removed Pin From Net: NetName=voltage_4 Pin=R37_4-2
Removed Pin From Net: NetName=voltage_7 Pin=R37_7-2
Removed Pin From Net: NetName=NetDA6_4_6 Pin=R38_4-1
Removed Pin From Net: NetName=GND Pin=R38_4-2
Removed Pin From Net: NetName=NetDA6_7_6 Pin=R38_7-1
Removed Pin From Net: NetName=GND Pin=R38_7-2
Removed Pin From Net: NetName=A2 Pin=XP1-8
Removed Pin From Net: NetName=ds18b20_3 Pin=XP1-9
Removed Pin From Net: NetName=ds18b20_2 Pin=XP1-10
Removed Pin From Net: NetName=ds18b20_1 Pin=XP1-11
Removed Pin From Net: NetName=+5_sw Pin=XP1-12
Removed Pin From Net: NetName=+5_sw Pin=XP1-13
Removed Member From Class: ClassName=en_jarka_[1..7] Member=en_jarka_7
Removed Member From Class: ClassName=panel_[1..7] Member=panel_7
Removed Member From Class: ClassName=voltage_[1..7] Member=voltage_7
Change Component Footprint: Designator=R38_4 Old Footprint=2512R New Footprint=0603R
Change Component Footprint: Designator=R38_7 Old Footprint=2512R New Footprint=0603R
Change Component Designator: OldDesignator=C11 NewDesignator=C12
Change Component Designator: OldDesignator=C12 NewDesignator=C11
Change Component Designator: OldDesignator=R14 NewDesignator=R15
Change Component Designator: OldDesignator=R15 NewDesignator=R14
Change Component Designator: OldDesignator=R22 NewDesignator=R27
Change Component Designator: OldDesignator=R23 NewDesignator=R28
Change Component Designator: OldDesignator=R24 NewDesignator=R29
Change Component Designator: OldDesignator=R25_1 NewDesignator=R30_1
Change Component Designator: OldDesignator=R25_2 NewDesignator=R30_2
Change Component Designator: OldDesignator=R26_1 NewDesignator=R31_1
Change Component Designator: OldDesignator=R26_2 NewDesignator=R31_2
Change Component Designator: OldDesignator=R27_1 NewDesignator=R32_1
Change Component Designator: OldDesignator=R27_2 NewDesignator=R32_2
Change Component Designator: OldDesignator=R28_1 NewDesignator=R33_1
Change Component Designator: OldDesignator=R28_2 NewDesignator=R33_2
Change Component Designator: OldDesignator=R29_1 NewDesignator=R34_1
Change Component Designator: OldDesignator=R29_2 NewDesignator=R34_2
Change Component Designator: OldDesignator=R30_1 NewDesignator=R35_1
Change Component Designator: OldDesignator=R30_2 NewDesignator=R35_2
Change Component Designator: OldDesignator=R30_3 NewDesignator=R35_3
Change Component Designator: OldDesignator=R30_5 NewDesignator=R35_5
Change Component Designator: OldDesignator=R30_6 NewDesignator=R35_6
Change Component Designator: OldDesignator=R31_1 NewDesignator=R36_1
Change Component Designator: OldDesignator=R31_2 NewDesignator=R36_2
Change Component Designator: OldDesignator=R31_3 NewDesignator=R36_3
Change Component Designator: OldDesignator=R31_5 NewDesignator=R36_5
Change Component Designator: OldDesignator=R31_6 NewDesignator=R36_6
Change Component Designator: OldDesignator=R32_1 NewDesignator=R37_1
Change Component Designator: OldDesignator=R32_2 NewDesignator=R37_2
Change Component Designator: OldDesignator=R32_3 NewDesignator=R37_3
Change Component Designator: OldDesignator=R32_5 NewDesignator=R37_5
Change Component Designator: OldDesignator=R32_6 NewDesignator=R37_6
Change Component Designator: OldDesignator=R33_1 NewDesignator=R38_1
Change Component Designator: OldDesignator=R33_2 NewDesignator=R38_2
Change Component Designator: OldDesignator=R33_3 NewDesignator=R38_3
Change Component Designator: OldDesignator=R33_5 NewDesignator=R38_5
Change Component Designator: OldDesignator=R33_6 NewDesignator=R38_6
Change Component Designator: OldDesignator=R34_1 NewDesignator=R39_1
Change Component Designator: OldDesignator=R34_2 NewDesignator=R39_2
Change Component Designator: OldDesignator=R34_3 NewDesignator=R39_3
Change Component Designator: OldDesignator=R34_5 NewDesignator=R39_5
Change Component Designator: OldDesignator=R34_6 NewDesignator=R39_6
Change Component Designator: OldDesignator=R35_1 NewDesignator=R40_1
Change Component Designator: OldDesignator=R35_2 NewDesignator=R40_2
Change Component Designator: OldDesignator=R35_3 NewDesignator=R40_3
Change Component Designator: OldDesignator=R35_5 NewDesignator=R40_5
Change Component Designator: OldDesignator=R35_6 NewDesignator=R40_6
Change Component Designator: OldDesignator=R36_1 NewDesignator=R41_1
Change Component Designator: OldDesignator=R36_2 NewDesignator=R41_2
Change Component Designator: OldDesignator=R36_3 NewDesignator=R41_3
Change Component Designator: OldDesignator=R36_5 NewDesignator=R41_5
Change Component Designator: OldDesignator=R36_6 NewDesignator=R41_6
Change Component Designator: OldDesignator=R37_1 NewDesignator=R42_1
Change Component Designator: OldDesignator=R37_2 NewDesignator=R42_2
Change Component Designator: OldDesignator=R37_3 NewDesignator=R42_3
Change Component Designator: OldDesignator=R37_5 NewDesignator=R42_5
Change Component Designator: OldDesignator=R37_6 NewDesignator=R42_6
Change Component Designator: OldDesignator=R38_1 NewDesignator=R43_1
Change Component Designator: OldDesignator=R38_2 NewDesignator=R43_2
Change Component Designator: OldDesignator=R38_3 NewDesignator=R43_3
Change Component Designator: OldDesignator=R38_5 NewDesignator=R43_5
Change Component Designator: OldDesignator=R38_6 NewDesignator=R43_6
Change Component Designator: OldDesignator=R39 NewDesignator=R44
Change Component Designator: OldDesignator=R40 NewDesignator=R45
Change Component Designator: OldDesignator=R41 NewDesignator=R46
Change Component Designator: OldDesignator=R42 NewDesignator=R47
Change Component Designator: OldDesignator=R43 NewDesignator=R48
Change Component Designator: OldDesignator=R44 NewDesignator=R49
Change Component Designator: OldDesignator=R45 NewDesignator=R50
Change Component Designator: OldDesignator=VD6 NewDesignator=VD7
Change Component Designator: OldDesignator=VD7 NewDesignator=VD6
Change Component Designator: OldDesignator=VD8 NewDesignator=VD9
Change Component Designator: OldDesignator=VD9 NewDesignator=VD8
Change component parameters: Designator = "R35_4" ("R35"); Footprint = "0603R"; UniqueID = "\4JLXIYVJO\CXGHIZNP" ("\4JLXIYVJO\CXGHIZNP")
Change component parameters (AddParameter): Name = "Case"; Value = ""; VariantName = "[No Variations]"
Change component parameters (AddParameter): Name = "Datasheet"; Value = ""; VariantName = "[No Variations]"
Change component parameters (AddParameter): Name = "Manufactore"; Value = ""; VariantName = "[No Variations]"
Change component parameters (AddParameter): Name = "Notice"; Value = ""; VariantName = "[No Variations]"
Change component parameters (AddParameter): Name = "Part Number"; Value = "Resistor_15k_1_0603"; VariantName = "[No Variations]"
Change component parameters (AddParameter): Name = "Power"; Value = ""; VariantName = "[No Variations]"
Change component parameters (AddParameter): Name = "Rate"; Value = ""; VariantName = "[No Variations]"
Change component parameters (AddParameter): Name = "Shop"; Value = ""; VariantName = "[No Variations]"
Change component parameters (AddParameter): Name = "Tolerance"; Value = "1%"; VariantName = "[No Variations]"
Change component parameters (AddParameter): Name = "Value"; Value = "15 ך"; VariantName = "[No Variations]"
Change component parameters: Designator = "R35_7" ("R35"); Footprint = "0603R"; UniqueID = "\HMWBHDWX\CXGHIZNP" ("\HMWBHDWX\CXGHIZNP")
Change component parameters (AddParameter): Name = "Case"; Value = ""; VariantName = "[No Variations]"
Change component parameters (AddParameter): Name = "Datasheet"; Value = ""; VariantName = "[No Variations]"
Change component parameters (AddParameter): Name = "Manufactore"; Value = ""; VariantName = "[No Variations]"
Change component parameters (AddParameter): Name = "Notice"; Value = ""; VariantName = "[No Variations]"
Change component parameters (AddParameter): Name = "Part Number"; Value = "Resistor_15k_1_0603"; VariantName = "[No Variations]"
Change component parameters (AddParameter): Name = "Power"; Value = ""; VariantName = "[No Variations]"
Change component parameters (AddParameter): Name = "Rate"; Value = ""; VariantName = "[No Variations]"
Change component parameters (AddParameter): Name = "Shop"; Value = ""; VariantName = "[No Variations]"
Change component parameters (AddParameter): Name = "Tolerance"; Value = "1%"; VariantName = "[No Variations]"
Change component parameters (AddParameter): Name = "Value"; Value = "15 ך"; VariantName = "[No Variations]"
Change component parameters: Designator = "R36_4" ("R36"); Footprint = "0603R"; UniqueID = "\4JLXIYVJO\ABBACXYK" ("\4JLXIYVJO\ABBACXYK")
Change component parameters (AddParameter): Name = "Case"; Value = ""; VariantName = "[No Variations]"
Change component parameters (AddParameter): Name = "Datasheet"; Value = ""; VariantName = "[No Variations]"
Change component parameters (AddParameter): Name = "Manufactore"; Value = ""; VariantName = "[No Variations]"
Change component parameters (AddParameter): Name = "Notice"; Value = ""; VariantName = "[No Variations]"
Change component parameters (AddParameter): Name = "Part Number"; Value = "Resistor_15k_1_0603"; VariantName = "[No Variations]"
Change component parameters (AddParameter): Name = "Power"; Value = ""; VariantName = "[No Variations]"
Change component parameters (AddParameter): Name = "Rate"; Value = ""; VariantName = "[No Variations]"
Change component parameters (AddParameter): Name = "Shop"; Value = ""; VariantName = "[No Variations]"
Change component parameters (AddParameter): Name = "Tolerance"; Value = "1%"; VariantName = "[No Variations]"
Change component parameters (AddParameter): Name = "Value"; Value = "15 ך"; VariantName = "[No Variations]"
Change component parameters: Designator = "R36_7" ("R36"); Footprint = "0603R"; UniqueID = "\HMWBHDWX\ABBACXYK" ("\HMWBHDWX\ABBACXYK")
Change component parameters (AddParameter): Name = "Case"; Value = ""; VariantName = "[No Variations]"
Change component parameters (AddParameter): Name = "Datasheet"; Value = ""; VariantName = "[No Variations]"
Change component parameters (AddParameter): Name = "Manufactore"; Value = ""; VariantName = "[No Variations]"
Change component parameters (AddParameter): Name = "Notice"; Value = ""; VariantName = "[No Variations]"
Change component parameters (AddParameter): Name = "Part Number"; Value = "Resistor_15k_1_0603"; VariantName = "[No Variations]"
Change component parameters (AddParameter): Name = "Power"; Value = ""; VariantName = "[No Variations]"
Change component parameters (AddParameter): Name = "Rate"; Value = ""; VariantName = "[No Variations]"
Change component parameters (AddParameter): Name = "Shop"; Value = ""; VariantName = "[No Variations]"
Change component parameters (AddParameter): Name = "Tolerance"; Value = "1%"; VariantName = "[No Variations]"
Change component parameters (AddParameter): Name = "Value"; Value = "15 ך"; VariantName = "[No Variations]"
Change component parameters: Designator = "R37_4" ("R37"); Footprint = "0603R"; UniqueID = "\4JLXIYVJO\JUBQIAPS" ("\4JLXIYVJO\JUBQIAPS")
Change component parameters (AddParameter): Name = "Case"; Value = ""; VariantName = "[No Variations]"
Change component parameters (AddParameter): Name = "Datasheet"; Value = ""; VariantName = "[No Variations]"
Change component parameters (AddParameter): Name = "Manufactore"; Value = ""; VariantName = "[No Variations]"
Change component parameters (AddParameter): Name = "Notice"; Value = ""; VariantName = "[No Variations]"
Change component parameters (AddParameter): Name = "Part Number"; Value = "Resistor_15k_1_0603"; VariantName = "[No Variations]"
Change component parameters (AddParameter): Name = "Power"; Value = ""; VariantName = "[No Variations]"
Change component parameters (AddParameter): Name = "Rate"; Value = ""; VariantName = "[No Variations]"
Change component parameters (AddParameter): Name = "Shop"; Value = ""; VariantName = "[No Variations]"
Change component parameters (AddParameter): Name = "Tolerance"; Value = "1%"; VariantName = "[No Variations]"
Change component parameters (AddParameter): Name = "Value"; Value = "15 ך"; VariantName = "[No Variations]"
Change component parameters: Designator = "R37_7" ("R37"); Footprint = "0603R"; UniqueID = "\HMWBHDWX\JUBQIAPS" ("\HMWBHDWX\JUBQIAPS")
Change component parameters (AddParameter): Name = "Case"; Value = ""; VariantName = "[No Variations]"
Change component parameters (AddParameter): Name = "Datasheet"; Value = ""; VariantName = "[No Variations]"
Change component parameters (AddParameter): Name = "Manufactore"; Value = ""; VariantName = "[No Variations]"
Change component parameters (AddParameter): Name = "Notice"; Value = ""; VariantName = "[No Variations]"
Change component parameters (AddParameter): Name = "Part Number"; Value = "Resistor_15k_1_0603"; VariantName = "[No Variations]"
Change component parameters (AddParameter): Name = "Power"; Value = ""; VariantName = "[No Variations]"
Change component parameters (AddParameter): Name = "Rate"; Value = ""; VariantName = "[No Variations]"
Change component parameters (AddParameter): Name = "Shop"; Value = ""; VariantName = "[No Variations]"
Change component parameters (AddParameter): Name = "Tolerance"; Value = "1%"; VariantName = "[No Variations]"
Change component parameters (AddParameter): Name = "Value"; Value = "15 ך"; VariantName = "[No Variations]"
Change component parameters: Designator = "R38_4" ("R38"); Footprint = "2512R"; UniqueID = "\4JLXIYVJO\CMIQOAYO" ("\4JLXIYVJO\CMIQOAYO")
Change component parameters (AddParameter): Name = "Case"; Value = ""; VariantName = "[No Variations]"
Change component parameters (AddParameter): Name = "Datasheet"; Value = ""; VariantName = "[No Variations]"
Change component parameters (AddParameter): Name = "Manufactore"; Value = ""; VariantName = "[No Variations]"
Change component parameters (AddParameter): Name = "Notice"; Value = ""; VariantName = "[No Variations]"
Change component parameters (AddParameter): Name = "Part Number"; Value = "Resistor_1.0k_1_0603"; VariantName = "[No Variations]"
Change component parameters (AddParameter): Name = "Power"; Value = ""; VariantName = "[No Variations]"
Change component parameters (AddParameter): Name = "Rate"; Value = ""; VariantName = "[No Variations]"
Change component parameters (AddParameter): Name = "Shop"; Value = ""; VariantName = "[No Variations]"
Change component parameters (AddParameter): Name = "Tolerance"; Value = "1%"; VariantName = "[No Variations]"
Change component parameters (AddParameter): Name = "Value"; Value = "1,0 ך"; VariantName = "[No Variations]"
Change component parameters: Designator = "R38_7" ("R38"); Footprint = "2512R"; UniqueID = "\HMWBHDWX\CMIQOAYO" ("\HMWBHDWX\CMIQOAYO")
Change component parameters (AddParameter): Name = "Case"; Value = ""; VariantName = "[No Variations]"
Change component parameters (AddParameter): Name = "Datasheet"; Value = ""; VariantName = "[No Variations]"
Change component parameters (AddParameter): Name = "Manufactore"; Value = ""; VariantName = "[No Variations]"
Change component parameters (AddParameter): Name = "Notice"; Value = ""; VariantName = "[No Variations]"
Change component parameters (AddParameter): Name = "Part Number"; Value = "Resistor_1.0k_1_0603"; VariantName = "[No Variations]"
Change component parameters (AddParameter): Name = "Power"; Value = ""; VariantName = "[No Variations]"
Change component parameters (AddParameter): Name = "Rate"; Value = ""; VariantName = "[No Variations]"
Change component parameters (AddParameter): Name = "Shop"; Value = ""; VariantName = "[No Variations]"
Change component parameters (AddParameter): Name = "Tolerance"; Value = "1%"; VariantName = "[No Variations]"
Change component parameters (AddParameter): Name = "Value"; Value = "1,0 ך"; VariantName = "[No Variations]"
Added Component: Designator=C19_3(1210C)
Add component (AddParameter): Name = "Capacity (nF)"; Value = "10000"; VariantName = "[No Variations]"
Add component (AddParameter): Name = "Case"; Value = ""; VariantName = "[No Variations]"
Add component (AddParameter): Name = "Datasheet"; Value = ""; VariantName = "[No Variations]"
Add component (AddParameter): Name = "Dielectric"; Value = "X7R"; VariantName = "[No Variations]"
Add component (AddParameter): Name = "Manufactore"; Value = ""; VariantName = "[No Variations]"
Add component (AddParameter): Name = "Notice"; Value = ""; VariantName = "[No Variations]"
Add component (AddParameter): Name = "Part Number"; Value = "Capacitor_10u_10_35V_X7R_1210C"; VariantName = "[No Variations]"
Add component (AddParameter): Name = "Rate"; Value = ""; VariantName = "[No Variations]"
Add component (AddParameter): Name = "Shop"; Value = ""; VariantName = "[No Variations]"
Add component (AddParameter): Name = "Tolerance"; Value = "0,1"; VariantName = "[No Variations]"
Add component (AddParameter): Name = "Value"; Value = "10 לך"; VariantName = "[No Variations]"
Add component (AddParameter): Name = "Voltage (V)"; Value = "35"; VariantName = "[No Variations]"
Added Component: Designator=C20_3(1210C)
Add component (AddParameter): Name = "Capacity (nF)"; Value = "10000"; VariantName = "[No Variations]"
Add component (AddParameter): Name = "Case"; Value = ""; VariantName = "[No Variations]"
Add component (AddParameter): Name = "Datasheet"; Value = ""; VariantName = "[No Variations]"
Add component (AddParameter): Name = "Dielectric"; Value = "X7R"; VariantName = "[No Variations]"
Add component (AddParameter): Name = "Manufactore"; Value = ""; VariantName = "[No Variations]"
Add component (AddParameter): Name = "Notice"; Value = ""; VariantName = "[No Variations]"
Add component (AddParameter): Name = "Part Number"; Value = "Capacitor_10u_10_35V_X7R_1210C"; VariantName = "[No Variations]"
Add component (AddParameter): Name = "Rate"; Value = ""; VariantName = "[No Variations]"
Add component (AddParameter): Name = "Shop"; Value = ""; VariantName = "[No Variations]"
Add component (AddParameter): Name = "Tolerance"; Value = "0,1"; VariantName = "[No Variations]"
Add component (AddParameter): Name = "Value"; Value = "10 לך"; VariantName = "[No Variations]"
Add component (AddParameter): Name = "Voltage (V)"; Value = "35"; VariantName = "[No Variations]"
Added Component: Designator=C21_3(1210C)
Add component (AddParameter): Name = "Capacity (nF)"; Value = "10000"; VariantName = "[No Variations]"
Add component (AddParameter): Name = "Case"; Value = ""; VariantName = "[No Variations]"
Add component (AddParameter): Name = "Datasheet"; Value = ""; VariantName = "[No Variations]"
Add component (AddParameter): Name = "Dielectric"; Value = "X7R"; VariantName = "[No Variations]"
Add component (AddParameter): Name = "Manufactore"; Value = ""; VariantName = "[No Variations]"
Add component (AddParameter): Name = "Notice"; Value = ""; VariantName = "[No Variations]"
Add component (AddParameter): Name = "Part Number"; Value = "Capacitor_10u_10_35V_X7R_1210C"; VariantName = "[No Variations]"
Add component (AddParameter): Name = "Rate"; Value = ""; VariantName = "[No Variations]"
Add component (AddParameter): Name = "Shop"; Value = ""; VariantName = "[No Variations]"
Add component (AddParameter): Name = "Tolerance"; Value = "0,1"; VariantName = "[No Variations]"
Add component (AddParameter): Name = "Value"; Value = "10 לך"; VariantName = "[No Variations]"
Add component (AddParameter): Name = "Voltage (V)"; Value = "35"; VariantName = "[No Variations]"
Added Component: Designator=C22_3(0603C)
Add component (AddParameter): Name = "Capacity (nF)"; Value = "1000"; VariantName = "[No Variations]"
Add component (AddParameter): Name = "Case"; Value = ""; VariantName = "[No Variations]"
Add component (AddParameter): Name = "Datasheet"; Value = ""; VariantName = "[No Variations]"
Add component (AddParameter): Name = "Dielectric"; Value = "X7R"; VariantName = "[No Variations]"
Add component (AddParameter): Name = "Manufactore"; Value = ""; VariantName = "[No Variations]"
Add component (AddParameter): Name = "Notice"; Value = ""; VariantName = "[No Variations]"
Add component (AddParameter): Name = "Part Number"; Value = "Capacitor_1u_10_50V_X7R_0603C"; VariantName = "[No Variations]"
Add component (AddParameter): Name = "Rate"; Value = ""; VariantName = "[No Variations]"
Add component (AddParameter): Name = "Shop"; Value = ""; VariantName = "[No Variations]"
Add component (AddParameter): Name = "Tolerance"; Value = "0,1"; VariantName = "[No Variations]"
Add component (AddParameter): Name = "Value"; Value = "1 לך"; VariantName = "[No Variations]"
Add component (AddParameter): Name = "Voltage (V)"; Value = "50"; VariantName = "[No Variations]"
Added Component: Designator=C23_3(0603C)
Add component (AddParameter): Name = "Capacity (nF)"; Value = "1000"; VariantName = "[No Variations]"
Add component (AddParameter): Name = "Case"; Value = ""; VariantName = "[No Variations]"
Add component (AddParameter): Name = "Datasheet"; Value = ""; VariantName = "[No Variations]"
Add component (AddParameter): Name = "Dielectric"; Value = "X7R"; VariantName = "[No Variations]"
Add component (AddParameter): Name = "Manufactore"; Value = ""; VariantName = "[No Variations]"
Add component (AddParameter): Name = "Notice"; Value = ""; VariantName = "[No Variations]"
Add component (AddParameter): Name = "Part Number"; Value = "Capacitor_1u_10_50V_X7R_0603C"; VariantName = "[No Variations]"
Add component (AddParameter): Name = "Rate"; Value = ""; VariantName = "[No Variations]"
Add component (AddParameter): Name = "Shop"; Value = ""; VariantName = "[No Variations]"
Add component (AddParameter): Name = "Tolerance"; Value = "0,1"; VariantName = "[No Variations]"
Add component (AddParameter): Name = "Value"; Value = "1 לך"; VariantName = "[No Variations]"
Add component (AddParameter): Name = "Voltage (V)"; Value = "50"; VariantName = "[No Variations]"
Added Component: Designator=C24_3(0603C)
Add component (AddParameter): Name = "Capacity (nF)"; Value = "1"; VariantName = "[No Variations]"
Add component (AddParameter): Name = "Case"; Value = ""; VariantName = "[No Variations]"
Add component (AddParameter): Name = "Datasheet"; Value = ""; VariantName = "[No Variations]"
Add component (AddParameter): Name = "Dielectric"; Value = "X7R"; VariantName = "[No Variations]"
Add component (AddParameter): Name = "Manufactore"; Value = ""; VariantName = "[No Variations]"
Add component (AddParameter): Name = "Notice"; Value = ""; VariantName = "[No Variations]"
Add component (AddParameter): Name = "Part Number"; Value = "Capacitor_1n_10_50V_X7R_0603C"; VariantName = "[No Variations]"
Add component (AddParameter): Name = "Rate"; Value = ""; VariantName = "[No Variations]"
Add component (AddParameter): Name = "Shop"; Value = ""; VariantName = "[No Variations]"
Add component (AddParameter): Name = "Tolerance"; Value = "0,1"; VariantName = "[No Variations]"
Add component (AddParameter): Name = "Value"; Value = "1 ם"; VariantName = "[No Variations]"
Add component (AddParameter): Name = "Voltage (V)"; Value = "50"; VariantName = "[No Variations]"
Added Component: Designator=C25_3(0603C)
Add component (AddParameter): Name = "Capacity (nF)"; Value = "33"; VariantName = "[No Variations]"
Add component (AddParameter): Name = "Case"; Value = ""; VariantName = "[No Variations]"
Add component (AddParameter): Name = "Datasheet"; Value = ""; VariantName = "[No Variations]"
Add component (AddParameter): Name = "Dielectric"; Value = "X7R"; VariantName = "[No Variations]"
Add component (AddParameter): Name = "Manufactore"; Value = ""; VariantName = "[No Variations]"
Add component (AddParameter): Name = "Notice"; Value = ""; VariantName = "[No Variations]"
Add component (AddParameter): Name = "Part Number"; Value = "Capacitor_33n_10_50V_X7R_0603C"; VariantName = "[No Variations]"
Add component (AddParameter): Name = "Rate"; Value = ""; VariantName = "[No Variations]"
Add component (AddParameter): Name = "Shop"; Value = ""; VariantName = "[No Variations]"
Add component (AddParameter): Name = "Tolerance"; Value = "0,1"; VariantName = "[No Variations]"
Add component (AddParameter): Name = "Value"; Value = "33 ם"; VariantName = "[No Variations]"
Add component (AddParameter): Name = "Voltage (V)"; Value = "50"; VariantName = "[No Variations]"
Added Component: Designator=C26_3(1210C)
Add component (AddParameter): Name = "Capacity (nF)"; Value = "10000"; VariantName = "[No Variations]"
Add component (AddParameter): Name = "Case"; Value = ""; VariantName = "[No Variations]"
Add component (AddParameter): Name = "Datasheet"; Value = ""; VariantName = "[No Variations]"
Add component (AddParameter): Name = "Dielectric"; Value = "X7R"; VariantName = "[No Variations]"
Add component (AddParameter): Name = "Manufactore"; Value = ""; VariantName = "[No Variations]"
Add component (AddParameter): Name = "Notice"; Value = ""; VariantName = "[No Variations]"
Add component (AddParameter): Name = "Part Number"; Value = "Capacitor_10u_10_35V_X7R_1210C"; VariantName = "[No Variations]"
Add component (AddParameter): Name = "Rate"; Value = ""; VariantName = "[No Variations]"
Add component (AddParameter): Name = "Shop"; Value = ""; VariantName = "[No Variations]"
Add component (AddParameter): Name = "Tolerance"; Value = "0,1"; VariantName = "[No Variations]"
Add component (AddParameter): Name = "Value"; Value = "10 לך"; VariantName = "[No Variations]"
Add component (AddParameter): Name = "Voltage (V)"; Value = "35"; VariantName = "[No Variations]"
Added Component: Designator=C27_3(1210C)
Add component (AddParameter): Name = "Capacity (nF)"; Value = "10000"; VariantName = "[No Variations]"
Add component (AddParameter): Name = "Case"; Value = ""; VariantName = "[No Variations]"
Add component (AddParameter): Name = "Datasheet"; Value = ""; VariantName = "[No Variations]"
Add component (AddParameter): Name = "Dielectric"; Value = "X7R"; VariantName = "[No Variations]"
Add component (AddParameter): Name = "Manufactore"; Value = ""; VariantName = "[No Variations]"
Add component (AddParameter): Name = "Notice"; Value = ""; VariantName = "[No Variations]"
Add component (AddParameter): Name = "Part Number"; Value = "Capacitor_10u_10_35V_X7R_1210C"; VariantName = "[No Variations]"
Add component (AddParameter): Name = "Rate"; Value = ""; VariantName = "[No Variations]"
Add component (AddParameter): Name = "Shop"; Value = ""; VariantName = "[No Variations]"
Add component (AddParameter): Name = "Tolerance"; Value = "0,1"; VariantName = "[No Variations]"
Add component (AddParameter): Name = "Value"; Value = "10 לך"; VariantName = "[No Variations]"
Add component (AddParameter): Name = "Voltage (V)"; Value = "35"; VariantName = "[No Variations]"
Added Component: Designator=C28_3(1210C)
Add component (AddParameter): Name = "Capacity (nF)"; Value = "10000"; VariantName = "[No Variations]"
Add component (AddParameter): Name = "Case"; Value = ""; VariantName = "[No Variations]"
Add component (AddParameter): Name = "Datasheet"; Value = ""; VariantName = "[No Variations]"
Add component (AddParameter): Name = "Dielectric"; Value = "X7R"; VariantName = "[No Variations]"
Add component (AddParameter): Name = "Manufactore"; Value = ""; VariantName = "[No Variations]"
Add component (AddParameter): Name = "Notice"; Value = ""; VariantName = "[No Variations]"
Add component (AddParameter): Name = "Part Number"; Value = "Capacitor_10u_10_35V_X7R_1210C"; VariantName = "[No Variations]"
Add component (AddParameter): Name = "Rate"; Value = ""; VariantName = "[No Variations]"
Add component (AddParameter): Name = "Shop"; Value = ""; VariantName = "[No Variations]"
Add component (AddParameter): Name = "Tolerance"; Value = "0,1"; VariantName = "[No Variations]"
Add component (AddParameter): Name = "Value"; Value = "10 לך"; VariantName = "[No Variations]"
Add component (AddParameter): Name = "Voltage (V)"; Value = "35"; VariantName = "[No Variations]"
Added Component: Designator=C29_3(1210C)
Add component (AddParameter): Name = "Capacity (nF)"; Value = "10000"; VariantName = "[No Variations]"
Add component (AddParameter): Name = "Case"; Value = ""; VariantName = "[No Variations]"
Add component (AddParameter): Name = "Datasheet"; Value = ""; VariantName = "[No Variations]"
Add component (AddParameter): Name = "Dielectric"; Value = "X7R"; VariantName = "[No Variations]"
Add component (AddParameter): Name = "Manufactore"; Value = ""; VariantName = "[No Variations]"
Add component (AddParameter): Name = "Notice"; Value = ""; VariantName = "[No Variations]"
Add component (AddParameter): Name = "Part Number"; Value = "Capacitor_10u_10_35V_X7R_1210C"; VariantName = "[No Variations]"
Add component (AddParameter): Name = "Rate"; Value = ""; VariantName = "[No Variations]"
Add component (AddParameter): Name = "Shop"; Value = ""; VariantName = "[No Variations]"
Add component (AddParameter): Name = "Tolerance"; Value = "0,1"; VariantName = "[No Variations]"
Add component (AddParameter): Name = "Value"; Value = "10 לך"; VariantName = "[No Variations]"
Add component (AddParameter): Name = "Voltage (V)"; Value = "35"; VariantName = "[No Variations]"
Added Component: Designator=DA4_3(WDFN5x5-12)
Add component (AddParameter): Name = "Part Number"; Value = "RT8509A"; VariantName = "[No Variations]"
Added Component: Designator=L2_3(IHLP-2525)
Add component (AddParameter): Name = "Current (A)"; Value = "5,5"; VariantName = "[No Variations]"
Add component (AddParameter): Name = "Inductance (?H)"; Value = "4,7"; VariantName = "[No Variations]"
Add component (AddParameter): Name = "Part Number"; Value = "IHLP2525CZER4R7M01"; VariantName = "[No Variations]"
Add component (AddParameter): Name = "Value"; Value = "4,7 לך"; VariantName = "[No Variations]"
Added Component: Designator=R22(0603R)
Add component (AddParameter): Name = "Case"; Value = ""; VariantName = "[No Variations]"
Add component (AddParameter): Name = "Datasheet"; Value = ""; VariantName = "[No Variations]"
Add component (AddParameter): Name = "Manufactore"; Value = ""; VariantName = "[No Variations]"
Add component (AddParameter): Name = "Notice"; Value = ""; VariantName = "[No Variations]"
Add component (AddParameter): Name = "Part Number"; Value = "Resistor_10_1_0603"; VariantName = "[No Variations]"
Add component (AddParameter): Name = "Power"; Value = ""; VariantName = "[No Variations]"
Add component (AddParameter): Name = "Rate"; Value = ""; VariantName = "[No Variations]"
Add component (AddParameter): Name = "Shop"; Value = ""; VariantName = "[No Variations]"
Add component (AddParameter): Name = "Tolerance"; Value = "1%"; VariantName = "[No Variations]"
Add component (AddParameter): Name = "Value"; Value = "10"; VariantName = "[No Variations]"
Added Component: Designator=R23(0603R)
Add component (AddParameter): Name = "Case"; Value = ""; VariantName = "[No Variations]"
Add component (AddParameter): Name = "Datasheet"; Value = ""; VariantName = "[No Variations]"
Add component (AddParameter): Name = "Manufactore"; Value = ""; VariantName = "[No Variations]"
Add component (AddParameter): Name = "Notice"; Value = ""; VariantName = "[No Variations]"
Add component (AddParameter): Name = "Part Number"; Value = "Resistor_10_1_0603"; VariantName = "[No Variations]"
Add component (AddParameter): Name = "Power"; Value = ""; VariantName = "[No Variations]"
Add component (AddParameter): Name = "Rate"; Value = ""; VariantName = "[No Variations]"
Add component (AddParameter): Name = "Shop"; Value = ""; VariantName = "[No Variations]"
Add component (AddParameter): Name = "Tolerance"; Value = "1%"; VariantName = "[No Variations]"
Add component (AddParameter): Name = "Value"; Value = "10"; VariantName = "[No Variations]"
Added Component: Designator=R24(0603R)
Add component (AddParameter): Name = "Case"; Value = ""; VariantName = "[No Variations]"
Add component (AddParameter): Name = "Datasheet"; Value = ""; VariantName = "[No Variations]"
Add component (AddParameter): Name = "Manufactore"; Value = ""; VariantName = "[No Variations]"
Add component (AddParameter): Name = "Notice"; Value = ""; VariantName = "[No Variations]"
Add component (AddParameter): Name = "Part Number"; Value = "Resistor_10_1_0603"; VariantName = "[No Variations]"
Add component (AddParameter): Name = "Power"; Value = ""; VariantName = "[No Variations]"
Add component (AddParameter): Name = "Rate"; Value = ""; VariantName = "[No Variations]"
Add component (AddParameter): Name = "Shop"; Value = ""; VariantName = "[No Variations]"
Add component (AddParameter): Name = "Tolerance"; Value = "1%"; VariantName = "[No Variations]"
Add component (AddParameter): Name = "Value"; Value = "10"; VariantName = "[No Variations]"
Added Component: Designator=R25(0603R)
Add component (AddParameter): Name = "Case"; Value = ""; VariantName = "[No Variations]"
Add component (AddParameter): Name = "Datasheet"; Value = ""; VariantName = "[No Variations]"
Add component (AddParameter): Name = "Manufactore"; Value = ""; VariantName = "[No Variations]"
Add component (AddParameter): Name = "Notice"; Value = ""; VariantName = "[No Variations]"
Add component (AddParameter): Name = "Part Number"; Value = "Resistor_10_1_0603"; VariantName = "[No Variations]"
Add component (AddParameter): Name = "Power"; Value = ""; VariantName = "[No Variations]"
Add component (AddParameter): Name = "Rate"; Value = ""; VariantName = "[No Variations]"
Add component (AddParameter): Name = "Shop"; Value = ""; VariantName = "[No Variations]"
Add component (AddParameter): Name = "Tolerance"; Value = "1%"; VariantName = "[No Variations]"
Add component (AddParameter): Name = "Value"; Value = "10"; VariantName = "[No Variations]"
Added Component: Designator=R26(0603R)
Add component (AddParameter): Name = "Case"; Value = ""; VariantName = "[No Variations]"
Add component (AddParameter): Name = "Datasheet"; Value = ""; VariantName = "[No Variations]"
Add component (AddParameter): Name = "Manufactore"; Value = ""; VariantName = "[No Variations]"
Add component (AddParameter): Name = "Notice"; Value = ""; VariantName = "[No Variations]"
Add component (AddParameter): Name = "Part Number"; Value = "Resistor_10_1_0603"; VariantName = "[No Variations]"
Add component (AddParameter): Name = "Power"; Value = ""; VariantName = "[No Variations]"
Add component (AddParameter): Name = "Rate"; Value = ""; VariantName = "[No Variations]"
Add component (AddParameter): Name = "Shop"; Value = ""; VariantName = "[No Variations]"
Add component (AddParameter): Name = "Tolerance"; Value = "1%"; VariantName = "[No Variations]"
Add component (AddParameter): Name = "Value"; Value = "10"; VariantName = "[No Variations]"
Added Component: Designator=R30_3(0603R)
Add component (AddParameter): Name = "Case"; Value = ""; VariantName = "[No Variations]"
Add component (AddParameter): Name = "Datasheet"; Value = ""; VariantName = "[No Variations]"
Add component (AddParameter): Name = "Manufactore"; Value = ""; VariantName = "[No Variations]"
Add component (AddParameter): Name = "Notice"; Value = ""; VariantName = "[No Variations]"
Add component (AddParameter): Name = "Part Number"; Value = "Resistor_10_1_0603"; VariantName = "[No Variations]"
Add component (AddParameter): Name = "Power"; Value = ""; VariantName = "[No Variations]"
Add component (AddParameter): Name = "Rate"; Value = ""; VariantName = "[No Variations]"
Add component (AddParameter): Name = "Shop"; Value = ""; VariantName = "[No Variations]"
Add component (AddParameter): Name = "Tolerance"; Value = "1%"; VariantName = "[No Variations]"
Add component (AddParameter): Name = "Value"; Value = "10"; VariantName = "[No Variations]"
Added Component: Designator=R31_3(0603R)
Add component (AddParameter): Name = "Case"; Value = ""; VariantName = "[No Variations]"
Add component (AddParameter): Name = "Datasheet"; Value = ""; VariantName = "[No Variations]"
Add component (AddParameter): Name = "Manufactore"; Value = ""; VariantName = "[No Variations]"
Add component (AddParameter): Name = "Notice"; Value = ""; VariantName = "[No Variations]"
Add component (AddParameter): Name = "Part Number"; Value = "Resistor_56_1_0603"; VariantName = "[No Variations]"
Add component (AddParameter): Name = "Power"; Value = ""; VariantName = "[No Variations]"
Add component (AddParameter): Name = "Rate"; Value = ""; VariantName = "[No Variations]"
Add component (AddParameter): Name = "Shop"; Value = ""; VariantName = "[No Variations]"
Add component (AddParameter): Name = "Tolerance"; Value = "1%"; VariantName = "[No Variations]"
Add component (AddParameter): Name = "Value"; Value = "56"; VariantName = "[No Variations]"
Added Component: Designator=R32_3(0603R)
Add component (AddParameter): Name = "Case"; Value = ""; VariantName = "[No Variations]"
Add component (AddParameter): Name = "Datasheet"; Value = ""; VariantName = "[No Variations]"
Add component (AddParameter): Name = "Manufactore"; Value = ""; VariantName = "[No Variations]"
Add component (AddParameter): Name = "Notice"; Value = ""; VariantName = "[No Variations]"
Add component (AddParameter): Name = "Part Number"; Value = "Resistor_130k_1_0603"; VariantName = "[No Variations]"
Add component (AddParameter): Name = "Power"; Value = ""; VariantName = "[No Variations]"
Add component (AddParameter): Name = "Rate"; Value = ""; VariantName = "[No Variations]"
Add component (AddParameter): Name = "Shop"; Value = ""; VariantName = "[No Variations]"
Add component (AddParameter): Name = "Tolerance"; Value = "1%"; VariantName = "[No Variations]"
Add component (AddParameter): Name = "Value"; Value = "130 ך"; VariantName = "[No Variations]"
Added Component: Designator=R33_3(0603R)
Add component (AddParameter): Name = "Case"; Value = ""; VariantName = "[No Variations]"
Add component (AddParameter): Name = "Datasheet"; Value = ""; VariantName = "[No Variations]"
Add component (AddParameter): Name = "Manufactore"; Value = ""; VariantName = "[No Variations]"
Add component (AddParameter): Name = "Notice"; Value = ""; VariantName = "[No Variations]"
Add component (AddParameter): Name = "Part Number"; Value = "Resistor_10k_1_0603"; VariantName = "[No Variations]"
Add component (AddParameter): Name = "Power"; Value = ""; VariantName = "[No Variations]"
Add component (AddParameter): Name = "Rate"; Value = ""; VariantName = "[No Variations]"
Add component (AddParameter): Name = "Shop"; Value = ""; VariantName = "[No Variations]"
Add component (AddParameter): Name = "Tolerance"; Value = "1%"; VariantName = "[No Variations]"
Add component (AddParameter): Name = "Value"; Value = "10 ך"; VariantName = "[No Variations]"
Added Component: Designator=R34_3(3mm_trim)
Add component (AddParameter): Name = "Part Number"; Value = "TC33X-2-503E"; VariantName = "[No Variations]"
Add component (AddParameter): Name = "Tolerance"; Value = "50%"; VariantName = "[No Variations]"
Add component (AddParameter): Name = "Value"; Value = "50 ך"; VariantName = "[No Variations]"
Added Component: Designator=R39_4(0603R)
Add component (AddParameter): Name = "Case"; Value = ""; VariantName = "[No Variations]"
Add component (AddParameter): Name = "Datasheet"; Value = ""; VariantName = "[No Variations]"
Add component (AddParameter): Name = "Manufactore"; Value = ""; VariantName = "[No Variations]"
Add component (AddParameter): Name = "Notice"; Value = ""; VariantName = "[No Variations]"
Add component (AddParameter): Name = "Part Number"; Value = "Resistor_1.0k_1_0603"; VariantName = "[No Variations]"
Add component (AddParameter): Name = "Power"; Value = ""; VariantName = "[No Variations]"
Add component (AddParameter): Name = "Rate"; Value = ""; VariantName = "[No Variations]"
Add component (AddParameter): Name = "Shop"; Value = ""; VariantName = "[No Variations]"
Add component (AddParameter): Name = "Tolerance"; Value = "1%"; VariantName = "[No Variations]"
Add component (AddParameter): Name = "Value"; Value = "1,0 ך"; VariantName = "[No Variations]"
Added Component: Designator=R39_7(0603R)
Add component (AddParameter): Name = "Case"; Value = ""; VariantName = "[No Variations]"
Add component (AddParameter): Name = "Datasheet"; Value = ""; VariantName = "[No Variations]"
Add component (AddParameter): Name = "Manufactore"; Value = ""; VariantName = "[No Variations]"
Add component (AddParameter): Name = "Notice"; Value = ""; VariantName = "[No Variations]"
Add component (AddParameter): Name = "Part Number"; Value = "Resistor_1.0k_1_0603"; VariantName = "[No Variations]"
Add component (AddParameter): Name = "Power"; Value = ""; VariantName = "[No Variations]"
Add component (AddParameter): Name = "Rate"; Value = ""; VariantName = "[No Variations]"
Add component (AddParameter): Name = "Shop"; Value = ""; VariantName = "[No Variations]"
Add component (AddParameter): Name = "Tolerance"; Value = "1%"; VariantName = "[No Variations]"
Add component (AddParameter): Name = "Value"; Value = "1,0 ך"; VariantName = "[No Variations]"
Added Component: Designator=R40_4(0603R)
Add component (AddParameter): Name = "Case"; Value = ""; VariantName = "[No Variations]"
Add component (AddParameter): Name = "Datasheet"; Value = ""; VariantName = "[No Variations]"
Add component (AddParameter): Name = "Manufactore"; Value = ""; VariantName = "[No Variations]"
Add component (AddParameter): Name = "Notice"; Value = ""; VariantName = "[No Variations]"
Add component (AddParameter): Name = "Part Number"; Value = "Resistor_1.0k_1_0603"; VariantName = "[No Variations]"
Add component (AddParameter): Name = "Power"; Value = ""; VariantName = "[No Variations]"
Add component (AddParameter): Name = "Rate"; Value = ""; VariantName = "[No Variations]"
Add component (AddParameter): Name = "Shop"; Value = ""; VariantName = "[No Variations]"
Add component (AddParameter): Name = "Tolerance"; Value = "1%"; VariantName = "[No Variations]"
Add component (AddParameter): Name = "Value"; Value = "1,0 ך"; VariantName = "[No Variations]"
Added Component: Designator=R40_7(0603R)
Add component (AddParameter): Name = "Case"; Value = ""; VariantName = "[No Variations]"
Add component (AddParameter): Name = "Datasheet"; Value = ""; VariantName = "[No Variations]"
Add component (AddParameter): Name = "Manufactore"; Value = ""; VariantName = "[No Variations]"
Add component (AddParameter): Name = "Notice"; Value = ""; VariantName = "[No Variations]"
Add component (AddParameter): Name = "Part Number"; Value = "Resistor_1.0k_1_0603"; VariantName = "[No Variations]"
Add component (AddParameter): Name = "Power"; Value = ""; VariantName = "[No Variations]"
Add component (AddParameter): Name = "Rate"; Value = ""; VariantName = "[No Variations]"
Add component (AddParameter): Name = "Shop"; Value = ""; VariantName = "[No Variations]"
Add component (AddParameter): Name = "Tolerance"; Value = "1%"; VariantName = "[No Variations]"
Add component (AddParameter): Name = "Value"; Value = "1,0 ך"; VariantName = "[No Variations]"
Added Component: Designator=R41_4(0603R)
Add component (AddParameter): Name = "Case"; Value = ""; VariantName = "[No Variations]"
Add component (AddParameter): Name = "Datasheet"; Value = ""; VariantName = "[No Variations]"
Add component (AddParameter): Name = "Manufactore"; Value = ""; VariantName = "[No Variations]"
Add component (AddParameter): Name = "Notice"; Value = ""; VariantName = "[No Variations]"
Add component (AddParameter): Name = "Part Number"; Value = "Resistor_10k_1_0603"; VariantName = "[No Variations]"
Add component (AddParameter): Name = "Power"; Value = ""; VariantName = "[No Variations]"
Add component (AddParameter): Name = "Rate"; Value = ""; VariantName = "[No Variations]"
Add component (AddParameter): Name = "Shop"; Value = ""; VariantName = "[No Variations]"
Add component (AddParameter): Name = "Tolerance"; Value = "1%"; VariantName = "[No Variations]"
Add component (AddParameter): Name = "Value"; Value = "10 ך"; VariantName = "[No Variations]"
Added Component: Designator=R41_7(0603R)
Add component (AddParameter): Name = "Case"; Value = ""; VariantName = "[No Variations]"
Add component (AddParameter): Name = "Datasheet"; Value = ""; VariantName = "[No Variations]"
Add component (AddParameter): Name = "Manufactore"; Value = ""; VariantName = "[No Variations]"
Add component (AddParameter): Name = "Notice"; Value = ""; VariantName = "[No Variations]"
Add component (AddParameter): Name = "Part Number"; Value = "Resistor_10k_1_0603"; VariantName = "[No Variations]"
Add component (AddParameter): Name = "Power"; Value = ""; VariantName = "[No Variations]"
Add component (AddParameter): Name = "Rate"; Value = ""; VariantName = "[No Variations]"
Add component (AddParameter): Name = "Shop"; Value = ""; VariantName = "[No Variations]"
Add component (AddParameter): Name = "Tolerance"; Value = "1%"; VariantName = "[No Variations]"
Add component (AddParameter): Name = "Value"; Value = "10 ך"; VariantName = "[No Variations]"
Added Component: Designator=R42_4(0603R)
Add component (AddParameter): Name = "Case"; Value = ""; VariantName = "[No Variations]"
Add component (AddParameter): Name = "Datasheet"; Value = ""; VariantName = "[No Variations]"
Add component (AddParameter): Name = "Manufactore"; Value = ""; VariantName = "[No Variations]"
Add component (AddParameter): Name = "Notice"; Value = ""; VariantName = "[No Variations]"
Add component (AddParameter): Name = "Part Number"; Value = "Resistor_5.1k_1_0603"; VariantName = "[No Variations]"
Add component (AddParameter): Name = "Power"; Value = ""; VariantName = "[No Variations]"
Add component (AddParameter): Name = "Rate"; Value = ""; VariantName = "[No Variations]"
Add component (AddParameter): Name = "Shop"; Value = ""; VariantName = "[No Variations]"
Add component (AddParameter): Name = "Tolerance"; Value = "1%"; VariantName = "[No Variations]"
Add component (AddParameter): Name = "Value"; Value = "5,1 ך"; VariantName = "[No Variations]"
Added Component: Designator=R42_7(0603R)
Add component (AddParameter): Name = "Case"; Value = ""; VariantName = "[No Variations]"
Add component (AddParameter): Name = "Datasheet"; Value = ""; VariantName = "[No Variations]"
Add component (AddParameter): Name = "Manufactore"; Value = ""; VariantName = "[No Variations]"
Add component (AddParameter): Name = "Notice"; Value = ""; VariantName = "[No Variations]"
Add component (AddParameter): Name = "Part Number"; Value = "Resistor_5.1k_1_0603"; VariantName = "[No Variations]"
Add component (AddParameter): Name = "Power"; Value = ""; VariantName = "[No Variations]"
Add component (AddParameter): Name = "Rate"; Value = ""; VariantName = "[No Variations]"
Add component (AddParameter): Name = "Shop"; Value = ""; VariantName = "[No Variations]"
Add component (AddParameter): Name = "Tolerance"; Value = "1%"; VariantName = "[No Variations]"
Add component (AddParameter): Name = "Value"; Value = "5,1 ך"; VariantName = "[No Variations]"
Added Component: Designator=R43_4(2512R)
Add component (AddParameter): Name = "Case"; Value = ""; VariantName = "[No Variations]"
Add component (AddParameter): Name = "Datasheet"; Value = ""; VariantName = "[No Variations]"
Add component (AddParameter): Name = "Manufactore"; Value = ""; VariantName = "[No Variations]"
Add component (AddParameter): Name = "Notice"; Value = ""; VariantName = "[No Variations]"
Add component (AddParameter): Name = "Part Number"; Value = "Resistor_510_1_0603"; VariantName = "[No Variations]"
Add component (AddParameter): Name = "Power"; Value = ""; VariantName = "[No Variations]"
Add component (AddParameter): Name = "Rate"; Value = ""; VariantName = "[No Variations]"
Add component (AddParameter): Name = "Shop"; Value = ""; VariantName = "[No Variations]"
Add component (AddParameter): Name = "Tolerance"; Value = "1%"; VariantName = "[No Variations]"
Add component (AddParameter): Name = "Value"; Value = "510"; VariantName = "[No Variations]"
Added Component: Designator=R43_7(2512R)
Add component (AddParameter): Name = "Case"; Value = ""; VariantName = "[No Variations]"
Add component (AddParameter): Name = "Datasheet"; Value = ""; VariantName = "[No Variations]"
Add component (AddParameter): Name = "Manufactore"; Value = ""; VariantName = "[No Variations]"
Add component (AddParameter): Name = "Notice"; Value = ""; VariantName = "[No Variations]"
Add component (AddParameter): Name = "Part Number"; Value = "Resistor_510_1_0603"; VariantName = "[No Variations]"
Add component (AddParameter): Name = "Power"; Value = ""; VariantName = "[No Variations]"
Add component (AddParameter): Name = "Rate"; Value = ""; VariantName = "[No Variations]"
Add component (AddParameter): Name = "Shop"; Value = ""; VariantName = "[No Variations]"
Add component (AddParameter): Name = "Tolerance"; Value = "1%"; VariantName = "[No Variations]"
Add component (AddParameter): Name = "Value"; Value = "510"; VariantName = "[No Variations]"
Added Component: Designator=VD12_3(SMC)
Add component (AddParameter): Name = "Current (A)"; Value = "8"; VariantName = "[No Variations]"
Add component (AddParameter): Name = "Part Number"; Value = "SK810"; VariantName = "[No Variations]"
Add component (AddParameter): Name = "Voltage nominal (V)"; Value = "100"; VariantName = "[No Variations]"
Added Component: Designator=XP?(DIN41612_32_2row_right_angle_father)
Add component (AddParameter): Name = "Part Number"; Value = "DIN41612_32_2row_right_angle_father"; VariantName = "[No Variations]"
Added Component: Designator=XP?(DIN41612_32_2row_right_angle_father)
Add component (AddParameter): Name = "Part Number"; Value = "DIN41612_32_2row_right_angle_father"; VariantName = "[No Variations]"
Added Pin To Net: NetName=GND Pin=C19_3-1
Added Pin To Net: NetName=+12_akkum Pin=C19_3-2
Added Pin To Net: NetName=GND Pin=C20_3-1
Added Pin To Net: NetName=+12_akkum Pin=C20_3-2
Added Pin To Net: NetName=GND Pin=C21_3-1
Added Pin To Net: NetName=+12_akkum Pin=C21_3-2
Added Pin To Net: NetName=GND Pin=C22_3-1
Added Pin To Net: NetName=GND Pin=C23_3-2
Added Pin To Net: NetName=GND Pin=C24_3-1
Added Pin To Net: NetName=GND Pin=C25_3-2
Added Pin To Net: NetName=GND Pin=C26_3-1
Added Pin To Net: NetName=GND Pin=C27_3-1
Added Pin To Net: NetName=GND Pin=C28_3-1
Added Pin To Net: NetName=GND Pin=C29_3-1
Added Pin To Net: NetName=en_jarka_dcdc Pin=DA4_3-3
Added Pin To Net: NetName=GND Pin=DA4_3-4
Added Pin To Net: NetName=GND Pin=DA4_3-5
Added Pin To Net: NetName=GND Pin=DA4_3-6
Added Pin To Net: NetName=GND Pin=DA4_3-9
Added Pin To Net: NetName=GND Pin=DA4_3-13
Added Pin To Net: NetName=+24_2 Pin=DA7_4-5
Added Pin To Net: NetName=+24_2 Pin=DA7_4-8
Added Pin To Net: NetName=+12_akkum Pin=L2_3-1
Added Pin To Net: NetName=A2 Pin=R22-1
Added Pin To Net: NetName=ds18b20_3 Pin=R23-1
Added Pin To Net: NetName=ds18b20_2 Pin=R24-1
Added Pin To Net: NetName=ds18b20_1 Pin=R25-1
Added Pin To Net: NetName=+5_sw Pin=R26-1
Added Pin To Net: NetName=+12_akkum Pin=R30_3-2
Added Pin To Net: NetName=GND Pin=R33_3-2
Added Pin To Net: NetName=NetDA5_4_2 Pin=R35_4-2
Added Pin To Net: NetName=NetDA5_7_2 Pin=R35_7-2
Added Pin To Net: NetName=GND Pin=R36_4-1
Added Pin To Net: NetName=NetDA6_4_2 Pin=R36_4-2
Added Pin To Net: NetName=GND Pin=R36_7-1
Added Pin To Net: NetName=NetDA6_7_2 Pin=R36_7-2
Added Pin To Net: NetName=NetDA7_4_2 Pin=R37_4-2
Added Pin To Net: NetName=NetDA7_7_2 Pin=R37_7-2
Added Pin To Net: NetName=GND Pin=R38_4-1
Added Pin To Net: NetName=NetDA5_4_4 Pin=R38_4-2
Added Pin To Net: NetName=GND Pin=R38_7-1
Added Pin To Net: NetName=NetDA5_7_4 Pin=R38_7-2
Added Pin To Net: NetName=GND Pin=R39_4-1
Added Pin To Net: NetName=NetDA6_4_4 Pin=R39_4-2
Added Pin To Net: NetName=GND Pin=R39_7-1
Added Pin To Net: NetName=NetDA6_7_4 Pin=R39_7-2
Added Pin To Net: NetName=GND Pin=R40_4-1
Added Pin To Net: NetName=NetDA7_4_4 Pin=R40_4-2
Added Pin To Net: NetName=GND Pin=R40_7-1
Added Pin To Net: NetName=NetDA7_7_4 Pin=R40_7-2
Added Pin To Net: NetName=voltage_4 Pin=R41_4-1
Added Pin To Net: NetName=NetDA6_4_6 Pin=R41_4-2
Added Pin To Net: NetName=voltage_7 Pin=R41_7-1
Added Pin To Net: NetName=NetDA6_7_6 Pin=R41_7-2
Added Pin To Net: NetName=GND Pin=R42_4-1
Added Pin To Net: NetName=voltage_4 Pin=R42_4-2
Added Pin To Net: NetName=GND Pin=R42_7-1
Added Pin To Net: NetName=voltage_7 Pin=R42_7-2
Added Pin To Net: NetName=NetDA6_4_6 Pin=R43_4-1
Added Pin To Net: NetName=GND Pin=R43_4-2
Added Pin To Net: NetName=NetDA6_7_6 Pin=R43_7-1
Added Pin To Net: NetName=GND Pin=R43_7-2
Change Net Name : Old Net Name=NetC11_2 New Net Name=NetC12_2
Change Net Name : Old Net Name=NetR27_1_1 New Net Name=NetR32_1_1
Change Net Name : Old Net Name=NetR27_2_1 New Net Name=NetR32_2_1
Change Net Name : Old Net Name=NetR40_1 New Net Name=NetR45_1
Change Net Name : Old Net Name=NetR44_1 New Net Name=NetR49_1
Added Pin To Net: NetName=+24_3 Pin=C23_3-1
Added Pin To Net: NetName=+24_3 Pin=C26_3-2
Added Pin To Net: NetName=+24_3 Pin=C27_3-2
Added Pin To Net: NetName=+24_3 Pin=C28_3-2
Added Pin To Net: NetName=+24_3 Pin=C29_3-2
Added Pin To Net: NetName=+24_3 Pin=DA4_3-10
Added Pin To Net: NetName=+24_3 Pin=DA7_7-5
Added Pin To Net: NetName=+24_3 Pin=DA7_7-8
Added Pin To Net: NetName=+24_3 Pin=R32_3-2
Added Pin To Net: NetName=+24_3 Pin=VD12_3-2
Added Net: Name=+24_3
Added Pin To Net: NetName=NetC22_3_2 Pin=C22_3-2
Added Pin To Net: NetName=NetC22_3_2 Pin=DA4_3-11
Added Pin To Net: NetName=NetC22_3_2 Pin=R30_3-1
Added Net: Name=NetC22_3_2
Added Pin To Net: NetName=NetC24_3_2 Pin=C24_3-2
Added Pin To Net: NetName=NetC24_3_2 Pin=R31_3-2
Added Net: Name=NetC24_3_2
Added Pin To Net: NetName=NetC25_3_1 Pin=C25_3-1
Added Pin To Net: NetName=NetC25_3_1 Pin=DA4_3-12
Added Net: Name=NetC25_3_1
Added Pin To Net: NetName=NetDA4_3_1 Pin=DA4_3-1
Added Pin To Net: NetName=NetDA4_3_1 Pin=R31_3-1
Added Net: Name=NetDA4_3_1
Added Pin To Net: NetName=NetDA4_3_2 Pin=DA4_3-2
Added Pin To Net: NetName=NetDA4_3_2 Pin=R33_3-1
Added Pin To Net: NetName=NetDA4_3_2 Pin=R34_3-3
Added Net: Name=NetDA4_3_2
Added Pin To Net: NetName=NetDA4_3_7 Pin=DA4_3-7
Added Pin To Net: NetName=NetDA4_3_7 Pin=DA4_3-8
Added Pin To Net: NetName=NetDA4_3_7 Pin=L2_3-2
Added Pin To Net: NetName=NetDA4_3_7 Pin=VD12_3-1
Added Net: Name=NetDA4_3_7
Added Pin To Net: NetName=NetR22_2 Pin=R22-2
Added Pin To Net: NetName=NetR22_2 Pin=XP1-8
Added Net: Name=NetR22_2
Added Pin To Net: NetName=NetR23_2 Pin=R23-2
Added Pin To Net: NetName=NetR23_2 Pin=XP1-9
Added Net: Name=NetR23_2
Added Pin To Net: NetName=NetR24_2 Pin=R24-2
Added Pin To Net: NetName=NetR24_2 Pin=XP1-10
Added Net: Name=NetR24_2
Added Pin To Net: NetName=NetR25_2 Pin=R25-2
Added Pin To Net: NetName=NetR25_2 Pin=XP1-11
Added Net: Name=NetR25_2
Added Pin To Net: NetName=NetR26_2 Pin=R26-2
Added Pin To Net: NetName=NetR26_2 Pin=XP1-12
Added Pin To Net: NetName=NetR26_2 Pin=XP1-13
Added Net: Name=NetR26_2
Added Pin To Net: NetName=NetR32_3_1 Pin=R32_3-1
Added Pin To Net: NetName=NetR32_3_1 Pin=R34_3-1
Added Pin To Net: NetName=NetR32_3_1 Pin=R34_3-2
Added Net: Name=NetR32_3_1
Change Class Name : Old Net Name=en_jarka_[1..7] New Net Name=en_jarka_[1..6]
Change Class Name : Old Net Name=panel_[1..7] New Net Name=panel_[1..6]
Change Class Name : Old Net Name=voltage_[1..7] New Net Name=voltage_[1..6]
Added Class: Name=jarit'_paneli3
Added Class: Name=Uswitch 7
Added Class: Name=+24_[1..3]
Added Member To Class: ClassName=jarit'_paneli1 Member=Component C19_1 (C19) Capacitor
Added Member To Class: ClassName=jarit'_paneli2 Member=Component C19_2 (C19) Capacitor
Added Member To Class: ClassName=jarit'_paneli1 Member=Component C20_1 (C20) Capacitor
Added Member To Class: ClassName=jarit'_paneli2 Member=Component C20_2 (C20) Capacitor
Added Member To Class: ClassName=jarit'_paneli1 Member=Component C21_1 (C21) Capacitor
Added Member To Class: ClassName=jarit'_paneli2 Member=Component C21_2 (C21) Capacitor
Added Member To Class: ClassName=jarit'_paneli1 Member=Component C22_1 (C22) Capacitor
Added Member To Class: ClassName=jarit'_paneli2 Member=Component C22_2 (C22) Capacitor
Added Member To Class: ClassName=jarit'_paneli1 Member=Component C23_1 (C23) Capacitor
Added Member To Class: ClassName=jarit'_paneli2 Member=Component C23_2 (C23) Capacitor
Added Member To Class: ClassName=jarit'_paneli1 Member=Component C24_1 (C24) Capacitor
Added Member To Class: ClassName=jarit'_paneli2 Member=Component C24_2 (C24) Capacitor
Added Member To Class: ClassName=jarit'_paneli1 Member=Component C25_1 (C25) Capacitor
Added Member To Class: ClassName=jarit'_paneli2 Member=Component C25_2 (C25) Capacitor
Added Member To Class: ClassName=jarit'_paneli1 Member=Component C26_1 (C26) Capacitor
Added Member To Class: ClassName=jarit'_paneli2 Member=Component C26_2 (C26) Capacitor
Added Member To Class: ClassName=jarit'_paneli1 Member=Component C27_1 (C27) Capacitor
Added Member To Class: ClassName=jarit'_paneli2 Member=Component C27_2 (C27) Capacitor
Added Member To Class: ClassName=jarit'_paneli1 Member=Component C28_1 (C28) Capacitor
Added Member To Class: ClassName=jarit'_paneli2 Member=Component C28_2 (C28) Capacitor
Added Member To Class: ClassName=jarit'_paneli1 Member=Component C29_1 (C29) Capacitor
Added Member To Class: ClassName=jarit'_paneli2 Member=Component C29_2 (C29) Capacitor
Added Member To Class: ClassName=jarit'_paneli1 Member=Component DA4_1 (DA4) RT8509A
Added Member To Class: ClassName=jarit'_paneli2 Member=Component DA4_2 (DA4) RT8509A
Added Member To Class: ClassName=switch1 Member=Component DA5_1 (DA5) VN7140AS
Added Member To Class: ClassName=switch2 Member=Component DA5_2 (DA5) VN7140AS
Added Member To Class: ClassName=switch3 Member=Component DA5_3 (DA5) VN7140AS
Added Member To Class: ClassName=switch4 Member=Component DA5_4 (DA5) VN7140AS
Added Member To Class: ClassName=switch5 Member=Component DA5_5 (DA5) VN7140AS
Added Member To Class: ClassName=switch6 Member=Component DA5_6 (DA5) VN7140AS
Added Member To Class: ClassName=switch1 Member=Component DA6_1 (DA6) VN7140AS
Added Member To Class: ClassName=switch2 Member=Component DA6_2 (DA6) VN7140AS
Added Member To Class: ClassName=switch3 Member=Component DA6_3 (DA6) VN7140AS
Added Member To Class: ClassName=switch4 Member=Component DA6_4 (DA6) VN7140AS
Added Member To Class: ClassName=switch5 Member=Component DA6_5 (DA6) VN7140AS
Added Member To Class: ClassName=switch6 Member=Component DA6_6 (DA6) VN7140AS
Added Member To Class: ClassName=switch1 Member=Component DA7_1 (DA7) VN7140AS
Added Member To Class: ClassName=switch2 Member=Component DA7_2 (DA7) VN7140AS
Added Member To Class: ClassName=switch3 Member=Component DA7_3 (DA7) VN7140AS
Added Member To Class: ClassName=switch4 Member=Component DA7_4 (DA7) VN7140AS
Added Member To Class: ClassName=switch5 Member=Component DA7_5 (DA7) VN7140AS
Added Member To Class: ClassName=switch6 Member=Component DA7_6 (DA7) VN7140AS
Added Member To Class: ClassName=jarit'_paneli1 Member=Component L2_1 (L2) IHLP2525CZER4R7M01
Added Member To Class: ClassName=jarit'_paneli2 Member=Component L2_2 (L2) IHLP2525CZER4R7M01
Added Member To Class: ClassName=ץוץולא Member=Component R22 Resistor
Added Member To Class: ClassName=ץוץולא Member=Component R23 Resistor
Added Member To Class: ClassName=ץוץולא Member=Component R24 Resistor
Added Member To Class: ClassName=ץוץולא Member=Component R25 Resistor
Added Member To Class: ClassName=ץוץולא Member=Component R26 Resistor
Added Member To Class: ClassName=jarit'_paneli1 Member=Component R30_1 (R30) Resistor
Added Member To Class: ClassName=jarit'_paneli2 Member=Component R30_2 (R30) Resistor
Added Member To Class: ClassName=jarit'_paneli1 Member=Component R31_1 (R31) Resistor
Added Member To Class: ClassName=jarit'_paneli2 Member=Component R31_2 (R31) Resistor
Added Member To Class: ClassName=jarit'_paneli1 Member=Component R32_1 (R32) Resistor
Added Member To Class: ClassName=jarit'_paneli2 Member=Component R32_2 (R32) Resistor
Added Member To Class: ClassName=jarit'_paneli1 Member=Component R33_1 (R33) Resistor
Added Member To Class: ClassName=jarit'_paneli2 Member=Component R33_2 (R33) Resistor
Added Member To Class: ClassName=jarit'_paneli1 Member=Component R34_1 (R34) TC33X-2-503E
Added Member To Class: ClassName=jarit'_paneli2 Member=Component R34_2 (R34) TC33X-2-503E
Added Member To Class: ClassName=switch1 Member=Component R35_1 (R35) Resistor
Added Member To Class: ClassName=switch2 Member=Component R35_2 (R35) Resistor
Added Member To Class: ClassName=switch3 Member=Component R35_3 (R35) Resistor
Added Member To Class: ClassName=switch4 Member=Component R35_4 (R35) Resistor
Added Member To Class: ClassName=switch5 Member=Component R35_5 (R35) Resistor
Added Member To Class: ClassName=switch6 Member=Component R35_6 (R35) Resistor
Added Member To Class: ClassName=switch1 Member=Component R36_1 (R36) Resistor
Added Member To Class: ClassName=switch2 Member=Component R36_2 (R36) Resistor
Added Member To Class: ClassName=switch3 Member=Component R36_3 (R36) Resistor
Added Member To Class: ClassName=switch4 Member=Component R36_4 (R36) Resistor
Added Member To Class: ClassName=switch5 Member=Component R36_5 (R36) Resistor
Added Member To Class: ClassName=switch6 Member=Component R36_6 (R36) Resistor
Added Member To Class: ClassName=switch1 Member=Component R37_1 (R37) Resistor
Added Member To Class: ClassName=switch2 Member=Component R37_2 (R37) Resistor
Added Member To Class: ClassName=switch3 Member=Component R37_3 (R37) Resistor
Added Member To Class: ClassName=switch4 Member=Component R37_4 (R37) Resistor
Added Member To Class: ClassName=switch5 Member=Component R37_5 (R37) Resistor
Added Member To Class: ClassName=switch6 Member=Component R37_6 (R37) Resistor
Added Member To Class: ClassName=switch1 Member=Component R38_1 (R38) Resistor
Added Member To Class: ClassName=switch2 Member=Component R38_2 (R38) Resistor
Added Member To Class: ClassName=switch3 Member=Component R38_3 (R38) Resistor
Added Member To Class: ClassName=switch4 Member=Component R38_4 (R38) Resistor
Added Member To Class: ClassName=switch5 Member=Component R38_5 (R38) Resistor
Added Member To Class: ClassName=switch6 Member=Component R38_6 (R38) Resistor
Added Member To Class: ClassName=switch1 Member=Component R39_1 (R39) Resistor
Added Member To Class: ClassName=switch2 Member=Component R39_2 (R39) Resistor
Added Member To Class: ClassName=switch3 Member=Component R39_3 (R39) Resistor
Added Member To Class: ClassName=switch4 Member=Component R39_4 (R39) Resistor
Added Member To Class: ClassName=switch5 Member=Component R39_5 (R39) Resistor
Added Member To Class: ClassName=switch6 Member=Component R39_6 (R39) Resistor
Added Member To Class: ClassName=switch1 Member=Component R40_1 (R40) Resistor
Added Member To Class: ClassName=switch2 Member=Component R40_2 (R40) Resistor
Added Member To Class: ClassName=switch3 Member=Component R40_3 (R40) Resistor
Added Member To Class: ClassName=switch4 Member=Component R40_4 (R40) Resistor
Added Member To Class: ClassName=switch5 Member=Component R40_5 (R40) Resistor
Added Member To Class: ClassName=switch6 Member=Component R40_6 (R40) Resistor
Added Member To Class: ClassName=switch1 Member=Component R41_1 (R41) Resistor
Added Member To Class: ClassName=switch2 Member=Component R41_2 (R41) Resistor
Added Member To Class: ClassName=switch3 Member=Component R41_3 (R41) Resistor
Added Member To Class: ClassName=switch4 Member=Component R41_4 (R41) Resistor
Added Member To Class: ClassName=switch5 Member=Component R41_5 (R41) Resistor
Added Member To Class: ClassName=switch6 Member=Component R41_6 (R41) Resistor
Added Member To Class: ClassName=switch1 Member=Component R42_1 (R42) Resistor
Added Member To Class: ClassName=switch2 Member=Component R42_2 (R42) Resistor
Added Member To Class: ClassName=switch3 Member=Component R42_3 (R42) Resistor
Added Member To Class: ClassName=switch4 Member=Component R42_4 (R42) Resistor
Added Member To Class: ClassName=switch5 Member=Component R42_5 (R42) Resistor
Added Member To Class: ClassName=switch6 Member=Component R42_6 (R42) Resistor
Added Member To Class: ClassName=switch1 Member=Component R43_1 (R43) Resistor
Added Member To Class: ClassName=switch2 Member=Component R43_2 (R43) Resistor
Added Member To Class: ClassName=switch3 Member=Component R43_3 (R43) Resistor
Added Member To Class: ClassName=switch4 Member=Component R43_4 (R43) Resistor
Added Member To Class: ClassName=switch5 Member=Component R43_5 (R43) Resistor
Added Member To Class: ClassName=switch6 Member=Component R43_6 (R43) Resistor
Added Member To Class: ClassName=jarit'_paneli1 Member=Component VD12_1 (VD12) SK810
Added Member To Class: ClassName=jarit'_paneli2 Member=Component VD12_2 (VD12) SK810
Added Member To Class: ClassName=ץוץולא Member=Component XP? DIN41612_32_2row_right_angle_father
Added Member To Class: ClassName=ץוץולא Member=Component XP? DIN41612_32_2row_right_angle_father
Change Room Name: Old Name=switch7 New Name=Uswitch 7
Change Room Scope: Old Scope=InComponentClass('switch7') New Scope=InComponentClass('Uswitch 7')
Added Room: Name=jarit'_paneli3
