Replace Part C1 Capacitor_polar in C:\Users\rreali\Documents\Altium\buoy_v2\ץוץולא.SchDoc with Capacitor_polar from Hydrolib.DbLib
Replace Part C2 Capacitor in C:\Users\rreali\Documents\Altium\buoy_v2\ץוץולא.SchDoc with Capacitor from Hydrolib.DbLib
Replace Part C3 Capacitor in C:\Users\rreali\Documents\Altium\buoy_v2\ץוץולא.SchDoc with Capacitor from Hydrolib.DbLib
Replace Part C4 Capacitor in C:\Users\rreali\Documents\Altium\buoy_v2\ץוץולא.SchDoc with Capacitor from Hydrolib.DbLib
Replace Part C5 Capacitor in C:\Users\rreali\Documents\Altium\buoy_v2\ץוץולא.SchDoc with Capacitor from Hydrolib.DbLib
Replace Part C6 Capacitor in C:\Users\rreali\Documents\Altium\buoy_v2\ץוץולא.SchDoc with Capacitor from Hydrolib.DbLib
Replace Part C7 Capacitor in C:\Users\rreali\Documents\Altium\buoy_v2\ץוץולא.SchDoc with Capacitor from Hydrolib.DbLib
Replace Part C8 Capacitor_polar in C:\Users\rreali\Documents\Altium\buoy_v2\ץוץולא.SchDoc with Capacitor_polar from Hydrolib.DbLib
Replace Part C9 Capacitor in C:\Users\rreali\Documents\Altium\buoy_v2\ץוץולא.SchDoc with Capacitor from Hydrolib.DbLib
Replace Part C10 Capacitor in C:\Users\rreali\Documents\Altium\buoy_v2\ץוץולא.SchDoc with Capacitor from Hydrolib.DbLib
Replace Part C11 Capacitor in C:\Users\rreali\Documents\Altium\buoy_v2\ץוץולא.SchDoc with Capacitor from Hydrolib.DbLib
Replace Part C12 Capacitor in C:\Users\rreali\Documents\Altium\buoy_v2\ץוץולא.SchDoc with Capacitor from Hydrolib.DbLib
Replace Part C13 Capacitor in C:\Users\rreali\Documents\Altium\buoy_v2\ץוץולא.SchDoc with Capacitor from Hydrolib.DbLib
Replace Part D1 TVS_2_2dir in C:\Users\rreali\Documents\Altium\buoy_v2\ץוץולא.SchDoc with TVS_2_2dir from Hydrolib.DbLib
Replace Part D2 TVS_2_2dir in C:\Users\rreali\Documents\Altium\buoy_v2\ץוץולא.SchDoc with TVS_2_2dir from Hydrolib.DbLib
Replace Part DA1 VN7140AS in C:\Users\rreali\Documents\Altium\buoy_v2\ץוץולא.SchDoc with VN7140AS from Hydrolib.DbLib
Replace Part DA2 VN7140AS in C:\Users\rreali\Documents\Altium\buoy_v2\ץוץולא.SchDoc with VN7140AS from Hydrolib.DbLib
Replace Part DD1 MAX485CSA in C:\Users\rreali\Documents\Altium\buoy_v2\ץוץולא.SchDoc with MAX485CSA from Hydrolib.DbLib
Replace Part DD2 ADM2483BRWZ in C:\Users\rreali\Documents\Altium\buoy_v2\ץוץולא.SchDoc with ADM2483BRWZ from Hydrolib.DbLib
Replace Part DD3 sim800l in C:\Users\rreali\Documents\Altium\buoy_v2\ץוץולא.SchDoc with sim800l from Hydrolib.DbLib
Replace Part DD4 ARDUINO_NANO in C:\Users\rreali\Documents\Altium\buoy_v2\ץוץולא.SchDoc with ARDUINO_NANO from Hydrolib.DbLib
Replace Part DD5 MC74HC595ADR2G in C:\Users\rreali\Documents\Altium\buoy_v2\ץוץולא.SchDoc with MC74HC595ADR2G from Hydrolib.DbLib
Replace Part DD6 MC74HC595ADR2G in C:\Users\rreali\Documents\Altium\buoy_v2\ץוץולא.SchDoc with MC74HC595ADR2G from Hydrolib.DbLib
Replace Part DD7 74HC4051PW,118 in C:\Users\rreali\Documents\Altium\buoy_v2\ץוץולא.SchDoc with 74HC4051PW,118 from Hydrolib.DbLib
Replace Part DD8 DHT22 in C:\Users\rreali\Documents\Altium\buoy_v2\ץוץולא.SchDoc with DHT22 from Hydrolib.DbLib
Replace Part F1 Fuse in C:\Users\rreali\Documents\Altium\buoy_v2\ץוץולא.SchDoc with Fuse from Hydrolib.DbLib
Replace Part R1 Resistor in C:\Users\rreali\Documents\Altium\buoy_v2\ץוץולא.SchDoc with Resistor from Hydrolib.DbLib
Replace Part R2 Resistor in C:\Users\rreali\Documents\Altium\buoy_v2\ץוץולא.SchDoc with Resistor from Hydrolib.DbLib
Replace Part R3 Resistor in C:\Users\rreali\Documents\Altium\buoy_v2\ץוץולא.SchDoc with Resistor from Hydrolib.DbLib
Replace Part R4 Resistor in C:\Users\rreali\Documents\Altium\buoy_v2\ץוץולא.SchDoc with Resistor from Hydrolib.DbLib
Replace Part R5 Resistor in C:\Users\rreali\Documents\Altium\buoy_v2\ץוץולא.SchDoc with Resistor from Hydrolib.DbLib
Replace Part R6 Resistor in C:\Users\rreali\Documents\Altium\buoy_v2\ץוץולא.SchDoc with Resistor from Hydrolib.DbLib
Replace Part R7 Resistor in C:\Users\rreali\Documents\Altium\buoy_v2\ץוץולא.SchDoc with Resistor from Hydrolib.DbLib
Replace Part R8 Resistor in C:\Users\rreali\Documents\Altium\buoy_v2\ץוץולא.SchDoc with Resistor from Hydrolib.DbLib
Replace Part R9 Resistor in C:\Users\rreali\Documents\Altium\buoy_v2\ץוץולא.SchDoc with Resistor from Hydrolib.DbLib
Replace Part R10 Resistor in C:\Users\rreali\Documents\Altium\buoy_v2\ץוץולא.SchDoc with Resistor from Hydrolib.DbLib
Replace Part R11 Resistor in C:\Users\rreali\Documents\Altium\buoy_v2\ץוץולא.SchDoc with Resistor from Hydrolib.DbLib
Replace Part R12 Resistor in C:\Users\rreali\Documents\Altium\buoy_v2\ץוץולא.SchDoc with Resistor from Hydrolib.DbLib
Replace Part R13 Resistor in C:\Users\rreali\Documents\Altium\buoy_v2\ץוץולא.SchDoc with Resistor from Hydrolib.DbLib
Replace Part R14 Resistor in C:\Users\rreali\Documents\Altium\buoy_v2\ץוץולא.SchDoc with Resistor from Hydrolib.DbLib
Replace Part R15 Resistor in C:\Users\rreali\Documents\Altium\buoy_v2\ץוץולא.SchDoc with Resistor from Hydrolib.DbLib
Replace Part R16 Resistor in C:\Users\rreali\Documents\Altium\buoy_v2\ץוץולא.SchDoc with Resistor from Hydrolib.DbLib
Replace Part R17 Resistor in C:\Users\rreali\Documents\Altium\buoy_v2\ץוץולא.SchDoc with Resistor from Hydrolib.DbLib
Replace Part R18 Resistor in C:\Users\rreali\Documents\Altium\buoy_v2\ץוץולא.SchDoc with Resistor from Hydrolib.DbLib
Replace Part R19 Resistor in C:\Users\rreali\Documents\Altium\buoy_v2\ץוץולא.SchDoc with Resistor from Hydrolib.DbLib
Replace Part R20 Resistor in C:\Users\rreali\Documents\Altium\buoy_v2\ץוץולא.SchDoc with Resistor from Hydrolib.DbLib
Replace Part R21 Resistor in C:\Users\rreali\Documents\Altium\buoy_v2\ץוץולא.SchDoc with Resistor from Hydrolib.DbLib
Replace Part SB1 SB in C:\Users\rreali\Documents\Altium\buoy_v2\ץוץולא.SchDoc with SB from Hydrolib.DbLib
Replace Part SB2 SB in C:\Users\rreali\Documents\Altium\buoy_v2\ץוץולא.SchDoc with SB from Hydrolib.DbLib
Replace Part SB3 SB in C:\Users\rreali\Documents\Altium\buoy_v2\ץוץולא.SchDoc with SB from Hydrolib.DbLib
Replace Part U1 precision_shunt_regulator in C:\Users\rreali\Documents\Altium\buoy_v2\ץוץולא.SchDoc with precision_shunt_regulator from Hydrolib.DbLib
Replace Part VD1 TVS_1_1dir in C:\Users\rreali\Documents\Altium\buoy_v2\ץוץולא.SchDoc with TVS_1_1dir from Hydrolib.DbLib
Replace Part VD2 TVS_1_1dir in C:\Users\rreali\Documents\Altium\buoy_v2\ץוץולא.SchDoc with TVS_1_1dir from Hydrolib.DbLib
Replace Part VD3 TVS_1_1dir in C:\Users\rreali\Documents\Altium\buoy_v2\ץוץולא.SchDoc with TVS_1_1dir from Hydrolib.DbLib
Replace Part VD4 TVS_1_1dir in C:\Users\rreali\Documents\Altium\buoy_v2\ץוץולא.SchDoc with TVS_1_1dir from Hydrolib.DbLib
Replace Part VD5 Zener in C:\Users\rreali\Documents\Altium\buoy_v2\ץוץולא.SchDoc with Zener from Hydrolib.DbLib
Replace Part VD6 TVS_1_1dir in C:\Users\rreali\Documents\Altium\buoy_v2\ץוץולא.SchDoc with TVS_1_1dir from Hydrolib.DbLib
Replace Part VD7 TVS_1_1dir in C:\Users\rreali\Documents\Altium\buoy_v2\ץוץולא.SchDoc with TVS_1_1dir from Hydrolib.DbLib
Replace Part VD8 TVS_1_1dir in C:\Users\rreali\Documents\Altium\buoy_v2\ץוץולא.SchDoc with TVS_1_1dir from Hydrolib.DbLib
Replace Part VD9 TVS_1_1dir in C:\Users\rreali\Documents\Altium\buoy_v2\ץוץולא.SchDoc with TVS_1_1dir from Hydrolib.DbLib
Replace Part VT1 pnp in C:\Users\rreali\Documents\Altium\buoy_v2\ץוץולא.SchDoc with pnp from Hydrolib.DbLib
Replace Part X1 Polar_Conn in C:\Users\rreali\Documents\Altium\buoy_v2\ץוץולא.SchDoc with Polar_Conn from Hydrolib.DbLib
Replace Part XP1 D-SUB_25_angular_mother in C:\Users\rreali\Documents\Altium\buoy_v2\ץוץולא.SchDoc with D-SUB_25_angular_mother from Hydrolib.DbLib
Replace Part XP1 D-SUB_25_angular_mother in C:\Users\rreali\Documents\Altium\buoy_v2\ץוץולא.SchDoc with D-SUB_25_angular_mother from Hydrolib.DbLib
